<?xml version="1.0" encoding="UTF-8"?>
<robot generator="Robot 7.4.1 (Python 3.14.3 on darwin)" generated="2026-03-26T17:14:51.431599" rpa="false" schemaversion="5">
<suite id="s1" name="Overall" source="/Users/nookdoppio/Documents/GitHub/assign-automation-mar-2026/testcases/web/overall.robot">
<test id="s1-t1" name="TC-BASIC Keywords 02" line="23">
<kw name="Open web gother">
<kw name="New Browser" owner="Browser">
<msg time="2026-03-26T17:14:51.567569" level="INFO">{"browser": "chromium", "headless": false, "chromiumSandbox": false, "devtools": false, "handleSIGHUP": true, "handleSIGINT": true, "handleSIGTERM": true, "slowMo": 0.0, "timeout": 60000.0, "tracesDir": "/Users/nookdoppio/Documents/GitHub/assign-automation-mar-2026/testcases/web/browser/traces/temp/30675462-ccf2-4092-9f45-6b579faeea6f"}</msg>
<msg time="2026-03-26T17:14:51.632514" level="INFO">Starting Browser process /Library/Frameworks/Python.framework/Versions/3.14/lib/python3.14/site-packages/Browser/wrapper/index.js using at 127.0.0.1:62795</msg>
<msg time="2026-03-26T17:14:54.752611" level="INFO">Successfully created browser with options: {"browser":"chromium","headless":false,"chromiumSandbox":false,"devtools":false,"handleSIGHUP":true,"handleSIGINT":true,"handleSIGTERM":true,"slowMo":0,"timeout":60000,"tracesDir":"/Users/nookdoppio/Documents/GitHub/assign-automation-mar-2026/testcases/web/browser/traces/temp/30675462-ccf2-4092-9f45-6b579faeea6f"}</msg>
<arg>browser=chromium</arg>
<arg>headless=${headless}</arg>
<arg>timeout=60s</arg>
<tag>BrowserControl</tag>
<tag>Setter</tag>
<doc>Create a new playwright Browser with specified options.</doc>
<status status="PASS" start="2026-03-26T17:14:51.567203" elapsed="3.185728"/>
</kw>
<kw name="New Context" owner="Browser">
<msg time="2026-03-26T17:14:54.754588" level="INFO">{
  "acceptDownloads": true,
  "bypassCSP": false,
  "forcedColors": "none",
  "ignoreHTTPSErrors": false,
  "javaScriptEnabled": true,
  "offline": false,
  "reducedMotion": "no-preference",
  "serviceWorkers": "allow",
  "viewport": {
    "width": 1280,
    "height": 720
  }
}</msg>
<msg time="2026-03-26T17:14:54.784991" level="INFO">Successfully created context. </msg>
<msg time="2026-03-26T17:14:54.785061" level="INFO">{'acceptDownloads': True, 'bypassCSP': False, 'forcedColors': 'none', 'ignoreHTTPSErrors': False, 'javaScriptEnabled': True, 'offline': False, 'reducedMotion': 'no-preference', 'serviceWorkers': 'allow', 'viewport': {'width': 1280, 'height': 720}}</msg>
<tag>BrowserControl</tag>
<tag>Setter</tag>
<doc>Create a new BrowserContext with specified options.</doc>
<status status="PASS" start="2026-03-26T17:14:54.753304" elapsed="0.031819"/>
</kw>
<kw name="New Page" owner="Browser">
<msg time="2026-03-26T17:14:57.756608" level="INFO">Successfully initialized new page object and opened url: https://www.gother.online/en-us</msg>
<arg>https://www.gother.online/en-us</arg>
<tag>BrowserControl</tag>
<tag>Setter</tag>
<doc>Open a new Page.</doc>
<status status="PASS" start="2026-03-26T17:14:54.785274" elapsed="2.976580"/>
</kw>
<status status="PASS" start="2026-03-26T17:14:51.566902" elapsed="6.198042"/>
</kw>
<kw name="Click log in/sign up button">
<kw name="Wait For Elements State" owner="Browser">
<msg time="2026-03-26T17:14:58.780088" level="INFO">Waited for Element with selector id=signin-and-register-big-button at state visible</msg>
<arg>id=signin-and-register-big-button</arg>
<arg>visible</arg>
<arg>timeout=10s</arg>
<tag>PageContent</tag>
<tag>Wait</tag>
<doc>Waits for the element found by ``selector`` to satisfy state option.</doc>
<status status="PASS" start="2026-03-26T17:14:57.775949" elapsed="1.004266"/>
</kw>
<kw name="Click" owner="Browser">
<msg time="2026-03-26T17:14:58.780814" level="INFO">Clicks the element 'id=signin-and-register-big-button'.</msg>
<arg>id=signin-and-register-big-button</arg>
<tag>PageContent</tag>
<tag>Setter</tag>
<doc>Simulates mouse click on the element found by ``selector``.</doc>
<status status="PASS" start="2026-03-26T17:14:58.780388" elapsed="0.092431"/>
</kw>
<status status="PASS" start="2026-03-26T17:14:57.769046" elapsed="1.103878"/>
</kw>
<msg time="2026-03-26T17:14:58.881184" level="INFO">Switching context to context=a3e1e9dd-9722-4945-837d-aa8b82900f5f in CURRENT</msg>
<msg time="2026-03-26T17:14:58.901487" level="INFO">Successfully changed active context: context=a3e1e9dd-9722-4945-837d-aa8b82900f5f</msg>
<msg time="2026-03-26T17:14:58.971012" level="INFO">Successfully closed Context</msg>
<status status="PASS" start="2026-03-26T17:14:51.566553" elapsed="7.306518"/>
</test>
<status status="PASS" start="2026-03-26T17:14:51.432204" elapsed="7.539811"/>
</suite>
<statistics>
<total>
<stat pass="1" fail="0" skip="0">All Tests</stat>
</total>
<tag>
</tag>
<suite>
<stat name="Overall" id="s1" pass="1" fail="0" skip="0">Overall</stat>
</suite>
</statistics>
<errors>
</errors>
</robot>
