<?xml version="1.0" encoding="UTF-8"?>
<robot generator="Robot 7.4.1 (Python 3.14.3 on darwin)" generated="2026-03-26T17:31:23.851927" rpa="false" schemaversion="5">
<suite id="s1" name="Overall" source="/Users/nookdoppio/Documents/GitHub/assign-automation-mar-2026/testcases/web/overall.robot">
<test id="s1-t1" name="TC_HOTELS_001" line="40">
<kw name="Open web gother">
<kw name="New Browser" owner="Browser">
<msg time="2026-03-26T17:31:23.984548" level="INFO">{"browser": "chromium", "headless": false, "chromiumSandbox": false, "devtools": false, "handleSIGHUP": true, "handleSIGINT": true, "handleSIGTERM": true, "slowMo": 0.0, "timeout": 60000.0, "tracesDir": "/Users/nookdoppio/Documents/GitHub/assign-automation-mar-2026/testcases/web/browser/traces/temp/0849d748-b478-4d03-a1a7-ddb62cc71c4b"}</msg>
<msg time="2026-03-26T17:31:24.055860" level="INFO">Starting Browser process /Library/Frameworks/Python.framework/Versions/3.14/lib/python3.14/site-packages/Browser/wrapper/index.js using at 127.0.0.1:63919</msg>
<msg time="2026-03-26T17:31:27.097410" level="INFO">Successfully created browser with options: {"browser":"chromium","headless":false,"chromiumSandbox":false,"devtools":false,"handleSIGHUP":true,"handleSIGINT":true,"handleSIGTERM":true,"slowMo":0,"timeout":60000,"tracesDir":"/Users/nookdoppio/Documents/GitHub/assign-automation-mar-2026/testcases/web/browser/traces/temp/0849d748-b478-4d03-a1a7-ddb62cc71c4b"}</msg>
<arg>browser=chromium</arg>
<arg>headless=${headless}</arg>
<arg>timeout=60s</arg>
<tag>BrowserControl</tag>
<tag>Setter</tag>
<doc>Create a new playwright Browser with specified options.</doc>
<status status="PASS" start="2026-03-26T17:31:23.984170" elapsed="3.113634"/>
</kw>
<kw name="New Context" owner="Browser">
<msg time="2026-03-26T17:31:27.100069" level="INFO">{
  "acceptDownloads": true,
  "bypassCSP": false,
  "forcedColors": "none",
  "ignoreHTTPSErrors": false,
  "javaScriptEnabled": true,
  "offline": false,
  "reducedMotion": "no-preference",
  "serviceWorkers": "allow",
  "viewport": {
    "width": 1280,
    "height": 720
  }
}</msg>
<msg time="2026-03-26T17:31:27.127651" level="INFO">Successfully created context. </msg>
<msg time="2026-03-26T17:31:27.127724" level="INFO">{'acceptDownloads': True, 'bypassCSP': False, 'forcedColors': 'none', 'ignoreHTTPSErrors': False, 'javaScriptEnabled': True, 'offline': False, 'reducedMotion': 'no-preference', 'serviceWorkers': 'allow', 'viewport': {'width': 1280, 'height': 720}}</msg>
<tag>BrowserControl</tag>
<tag>Setter</tag>
<doc>Create a new BrowserContext with specified options.</doc>
<status status="PASS" start="2026-03-26T17:31:27.098242" elapsed="0.029544"/>
</kw>
<kw name="New Page" owner="Browser">
<msg time="2026-03-26T17:31:30.457766" level="INFO">Successfully initialized new page object and opened url: https://www.gother.online/en-us</msg>
<arg>https://www.gother.online/en-us</arg>
<tag>BrowserControl</tag>
<tag>Setter</tag>
<doc>Open a new Page.</doc>
<status status="PASS" start="2026-03-26T17:31:27.127967" elapsed="3.333621"/>
</kw>
<status status="PASS" start="2026-03-26T17:31:23.983871" elapsed="6.479415"/>
</kw>
<kw name="Click log in/sign up button in popup signinsignup">
<kw name="Wait For Elements State" owner="Browser">
<msg time="2026-03-26T17:31:31.752112" level="INFO">Waited for Element with selector id=signin-and-register-big-button at state visible</msg>
<arg>id=signin-and-register-big-button</arg>
<arg>visible</arg>
<arg>timeout=10s</arg>
<tag>PageContent</tag>
<tag>Wait</tag>
<doc>Waits for the element found by ``selector`` to satisfy state option.</doc>
<status status="PASS" start="2026-03-26T17:31:30.469937" elapsed="1.282318"/>
</kw>
<kw name="Click" owner="Browser">
<msg time="2026-03-26T17:31:31.752938" level="INFO">Clicks the element 'id=signin-and-register-big-button'.</msg>
<arg>id=signin-and-register-big-button</arg>
<tag>PageContent</tag>
<tag>Setter</tag>
<doc>Simulates mouse click on the element found by ``selector``.</doc>
<status status="PASS" start="2026-03-26T17:31:31.752445" elapsed="0.129002"/>
</kw>
<status status="PASS" start="2026-03-26T17:31:30.468618" elapsed="1.413020"/>
</kw>
<kw name="Click Email or Mobile No. button in popup signinsignup">
<kw name="Wait For Elements State" owner="Browser">
<msg time="2026-03-26T17:31:32.171186" level="INFO">Waited for Element with selector css=button:has-text("Email or Mobile No.") at state visible</msg>
<arg>css=button:has-text("Email or Mobile No.")</arg>
<arg>visible</arg>
<arg>timeout=10s</arg>
<tag>PageContent</tag>
<tag>Wait</tag>
<doc>Waits for the element found by ``selector`` to satisfy state option.</doc>
<status status="PASS" start="2026-03-26T17:31:31.882446" elapsed="0.288851"/>
</kw>
<kw name="Click" owner="Browser">
<msg time="2026-03-26T17:31:32.171779" level="INFO">Clicks the element 'css=button:has-text("Email or Mobile No.")'.</msg>
<arg>css=button:has-text("Email or Mobile No.")</arg>
<tag>PageContent</tag>
<tag>Setter</tag>
<doc>Simulates mouse click on the element found by ``selector``.</doc>
<status status="PASS" start="2026-03-26T17:31:32.171432" elapsed="0.352799"/>
</kw>
<status status="PASS" start="2026-03-26T17:31:31.882091" elapsed="0.642237"/>
</kw>
<kw name="Fill info in field Email in popup log in sign up">
<kw name="Fill Text" owner="Browser">
<msg time="2026-03-26T17:31:32.525390" level="INFO">Fills the text 'sutida.n@doppiotech.com' in the given field.</msg>
<arg>css=[data-testid="input-email"]</arg>
<arg>${email}</arg>
<tag>PageContent</tag>
<tag>Setter</tag>
<doc>Clears and fills the given ``txt`` into the text field found by ``selector``.</doc>
<status status="PASS" start="2026-03-26T17:31:32.524963" elapsed="0.070823"/>
</kw>
<status status="PASS" start="2026-03-26T17:31:32.524568" elapsed="0.071325"/>
</kw>
<kw name="Click log in button in popup log in sign up">
<kw name="Wait For Elements State" owner="Browser">
<msg time="2026-03-26T17:31:32.606893" level="INFO">Waited for Element with selector css=[data-testid="btn-check-step-login-with-email"] at state visible</msg>
<arg>css=[data-testid="btn-check-step-login-with-email"]</arg>
<arg>visible</arg>
<arg>timeout=10s</arg>
<tag>PageContent</tag>
<tag>Wait</tag>
<doc>Waits for the element found by ``selector`` to satisfy state option.</doc>
<status status="PASS" start="2026-03-26T17:31:32.596620" elapsed="0.010457"/>
</kw>
<kw name="Click" owner="Browser">
<msg time="2026-03-26T17:31:32.607733" level="INFO">Clicks the element 'css=[data-testid="btn-check-step-login-with-email"]'.</msg>
<arg>css=[data-testid="btn-check-step-login-with-email"]</arg>
<tag>PageContent</tag>
<tag>Setter</tag>
<doc>Simulates mouse click on the element found by ``selector``.</doc>
<status status="PASS" start="2026-03-26T17:31:32.607227" elapsed="0.405399"/>
</kw>
<status status="PASS" start="2026-03-26T17:31:32.596099" elapsed="0.416620"/>
</kw>
<kw name="Fill info in field pass in popup login">
<kw name="Fill Text" owner="Browser">
<msg time="2026-03-26T17:31:33.013384" level="INFO">Fills the text 'Nook_8899' in the given field.</msg>
<arg>css=[data-testid="input-password"]</arg>
<arg>${password}</arg>
<tag>PageContent</tag>
<tag>Setter</tag>
<doc>Clears and fills the given ``txt`` into the text field found by ``selector``.</doc>
<status status="PASS" start="2026-03-26T17:31:33.013099" elapsed="0.188216"/>
</kw>
<status status="PASS" start="2026-03-26T17:31:33.012870" elapsed="0.188675"/>
</kw>
<kw name="Click log in button in popup login">
<kw name="Wait For Elements State" owner="Browser">
<msg time="2026-03-26T17:31:33.205337" level="INFO">Waited for Element with selector css=[data-testid="btn-login-email-width-pass"] at state visible</msg>
<arg>css=[data-testid="btn-login-email-width-pass"]</arg>
<arg>visible</arg>
<arg>timeout=10s</arg>
<tag>PageContent</tag>
<tag>Wait</tag>
<doc>Waits for the element found by ``selector`` to satisfy state option.</doc>
<status status="PASS" start="2026-03-26T17:31:33.202144" elapsed="0.003290"/>
</kw>
<kw name="Click" owner="Browser">
<msg time="2026-03-26T17:31:33.205865" level="INFO">Clicks the element 'css=[data-testid="btn-login-email-width-pass"]'.</msg>
<arg>css=[data-testid="btn-login-email-width-pass"]</arg>
<tag>PageContent</tag>
<tag>Setter</tag>
<doc>Simulates mouse click on the element found by ``selector``.</doc>
<status status="PASS" start="2026-03-26T17:31:33.205557" elapsed="0.259765"/>
</kw>
<status status="PASS" start="2026-03-26T17:31:33.201847" elapsed="0.263599"/>
</kw>
<msg time="2026-03-26T17:31:33.474992" level="INFO">Switching context to context=f1020383-0278-49b5-b03e-1c8fe7da33bb in CURRENT</msg>
<msg time="2026-03-26T17:31:33.514051" level="INFO">Successfully changed active context: context=f1020383-0278-49b5-b03e-1c8fe7da33bb</msg>
<msg time="2026-03-26T17:31:33.592544" level="INFO">Successfully closed Context</msg>
<status status="PASS" start="2026-03-26T17:31:23.983524" elapsed="9.482085"/>
</test>
<status status="PASS" start="2026-03-26T17:31:23.852919" elapsed="9.740518"/>
</suite>
<statistics>
<total>
<stat pass="1" fail="0" skip="0">All Tests</stat>
</total>
<tag>
</tag>
<suite>
<stat name="Overall" id="s1" pass="1" fail="0" skip="0">Overall</stat>
</suite>
</statistics>
<errors>
</errors>
</robot>
