<?xml version="1.0" encoding="UTF-8"?>
<robot generator="Robot 7.4.2 (Python 3.10.5 on darwin)" generated="2026-03-30T14:39:25.783684" rpa="false" schemaversion="5">
<suite id="s1" name="TC HOTELS 001" source="/Users/theemdoppio/Desktop/Automation/GitHub/assign-automation-mar-2026/testcases/web/TC_HOTELS_001.robot">
<test id="s1-t1" name="TC_HOTELS_001 - Verify Hotel Booking with Credit Card Payment" line="8">
<kw name="Open gother website and login with email" owner="common_web" type="SETUP">
<kw name="Open gother web" owner="landing_page">
<kw name="Open web browser by url" owner="common_web">
<kw name="New Browser" owner="Browser">
<msg time="2026-03-30T14:39:25.940237" level="INFO">{"browser": "chromium", "headless": false, "chromiumSandbox": false, "devtools": false, "handleSIGHUP": true, "handleSIGINT": true, "handleSIGTERM": true, "slowMo": 0.0, "timeout": 30000.0, "tracesDir": "/Users/theemdoppio/Desktop/Automation/GitHub/assign-automation-mar-2026/testcases/web/results/browser/traces/temp/877c2fc1-8431-4b09-9e3c-ad06690978fc"}</msg>
<msg time="2026-03-30T14:39:25.958511" level="INFO">Starting Browser process /Users/theemdoppio/Library/Python/3.10/lib/python/site-packages/Browser/wrapper/index.js using at 127.0.0.1:51714</msg>
<msg time="2026-03-30T14:39:27.853496" level="INFO">Successfully created browser with options: {"browser":"chromium","headless":false,"chromiumSandbox":false,"devtools":false,"handleSIGHUP":true,"handleSIGINT":true,"handleSIGTERM":true,"slowMo":0,"timeout":30000,"tracesDir":"/Users/theemdoppio/Desktop/Automation/GitHub/assign-automation-mar-2026/testcases/web/results/browser/traces/temp/877c2fc1-8431-4b09-9e3c-ad06690978fc"}</msg>
<arg>browser=${supported_browser}</arg>
<arg>headless=${headless_mode}</arg>
<tag>BrowserControl</tag>
<tag>Setter</tag>
<doc>Create a new playwright Browser with specified options.</doc>
<status status="PASS" start="2026-03-30T14:39:25.939856" elapsed="1.913909"/>
</kw>
<kw name="New Page" owner="Browser">
<msg time="2026-03-30T14:39:29.913235" level="INFO">Successfully initialized new page object and opened url: https://www.gother.online/en-us</msg>
<msg time="2026-03-30T14:39:29.913311" level="INFO">No context was open. New context was automatically opened when this page is created.</msg>
<arg>url=${url}</arg>
<tag>BrowserControl</tag>
<tag>Setter</tag>
<doc>Open a new Page.</doc>
<status status="PASS" start="2026-03-30T14:39:27.854093" elapsed="2.059331"/>
</kw>
<arg>url=${gother_web.url.${LANG.lower()}}</arg>
<arg>headless_mode=${headless_mode}</arg>
<doc>ใช้สำหรับเปิด Web browser
Arguments:
    - ${url} (string) ลิ้งของเว็ปที่ต้องการเปิด: https://google.com
    - ${supported_browser} (string) ระบบ Browser ที่รองรับ: chromium, firefox, webkit
    - False (bool) เปิด Browser ในโหมดไร้หน้าต่าง (No GUI): True or False</doc>
<status status="PASS" start="2026-03-30T14:39:25.938840" elapsed="3.974689"/>
</kw>
<status status="PASS" start="2026-03-30T14:39:25.937667" elapsed="3.975913"/>
</kw>
<kw name="Login with email or mobile no. method" owner="header_bar_feature">
<kw name="Click login button on header bar" owner="header_bar">
<kw name="Click element on screen" owner="common_web">
<kw name="Check if element display" owner="common_web">
<kw name="Wait For Elements State" owner="Browser">
<msg time="2026-03-30T14:39:30.850645" level="INFO">Waited for Element with selector css=#signin-and-register-big-button at state visible</msg>
<arg>${locator}</arg>
<tag>PageContent</tag>
<tag>Wait</tag>
<doc>Waits for the element found by ``selector`` to satisfy state option.</doc>
<status status="PASS" start="2026-03-30T14:39:29.914989" elapsed="0.935798"/>
</kw>
<kw name="Scroll To Element" owner="Browser">
<arg>${locator}</arg>
<tag>PageContent</tag>
<tag>Setter</tag>
<doc>This method waits for actionability checks, then tries to scroll element into view,
unless it is completely visible.</doc>
<status status="PASS" start="2026-03-30T14:39:30.851033" elapsed="0.049314"/>
</kw>
<arg>${locator}</arg>
<status status="PASS" start="2026-03-30T14:39:29.914787" elapsed="0.985664"/>
</kw>
<kw name="Click" owner="Browser">
<msg time="2026-03-30T14:39:30.900975" level="INFO">Clicks the element 'css=#signin-and-register-big-button'.</msg>
<arg>${locator}</arg>
<tag>PageContent</tag>
<tag>Setter</tag>
<doc>Simulates mouse click on the element found by ``selector``.</doc>
<status status="PASS" start="2026-03-30T14:39:30.900628" elapsed="0.054347"/>
</kw>
<arg>${header_bar}[btn_login_signin]</arg>
<status status="PASS" start="2026-03-30T14:39:29.914559" elapsed="1.040525"/>
</kw>
<status status="PASS" start="2026-03-30T14:39:29.914296" elapsed="1.040830"/>
</kw>
<kw name="Click login with email or mobile no." owner="header_bar">
<kw name="Click element on screen" owner="common_web">
<kw name="Check if element display" owner="common_web">
<kw name="Wait For Elements State" owner="Browser">
<msg time="2026-03-30T14:39:31.754782" level="INFO">Waited for Element with selector css=button:text-is("Email or Mobile No.") at state visible</msg>
<arg>${locator}</arg>
<tag>PageContent</tag>
<tag>Wait</tag>
<doc>Waits for the element found by ``selector`` to satisfy state option.</doc>
<status status="PASS" start="2026-03-30T14:39:30.956118" elapsed="0.798895"/>
</kw>
<kw name="Scroll To Element" owner="Browser">
<arg>${locator}</arg>
<tag>PageContent</tag>
<tag>Setter</tag>
<doc>This method waits for actionability checks, then tries to scroll element into view,
unless it is completely visible.</doc>
<status status="PASS" start="2026-03-30T14:39:31.755406" elapsed="0.044639"/>
</kw>
<arg>${locator}</arg>
<status status="PASS" start="2026-03-30T14:39:30.955912" elapsed="0.844261"/>
</kw>
<kw name="Click" owner="Browser">
<msg time="2026-03-30T14:39:31.800720" level="INFO">Clicks the element 'css=button:text-is("Email or Mobile No.")'.</msg>
<arg>${locator}</arg>
<tag>PageContent</tag>
<tag>Setter</tag>
<doc>Simulates mouse click on the element found by ``selector``.</doc>
<status status="PASS" start="2026-03-30T14:39:31.800346" elapsed="0.245900"/>
</kw>
<arg>${login_popup}[btn_email_or_mobile_login]</arg>
<status status="PASS" start="2026-03-30T14:39:30.955669" elapsed="1.090691"/>
</kw>
<status status="PASS" start="2026-03-30T14:39:30.955362" elapsed="1.091043"/>
</kw>
<kw name="Input email or mobile no. on login or sign up popup" owner="header_bar">
<kw name="Input in text field" owner="common_web">
<kw name="Check if element display" owner="common_web">
<kw name="Wait For Elements State" owner="Browser">
<msg time="2026-03-30T14:39:32.051919" level="INFO">Waited for Element with selector css=[data-testid="input-email"] at state visible</msg>
<arg>${locator}</arg>
<tag>PageContent</tag>
<tag>Wait</tag>
<doc>Waits for the element found by ``selector`` to satisfy state option.</doc>
<status status="PASS" start="2026-03-30T14:39:32.047580" elapsed="0.004438"/>
</kw>
<kw name="Scroll To Element" owner="Browser">
<arg>${locator}</arg>
<tag>PageContent</tag>
<tag>Setter</tag>
<doc>This method waits for actionability checks, then tries to scroll element into view,
unless it is completely visible.</doc>
<status status="PASS" start="2026-03-30T14:39:32.052196" elapsed="0.249831"/>
</kw>
<arg>${locator}</arg>
<status status="PASS" start="2026-03-30T14:39:32.047365" elapsed="0.254889"/>
</kw>
<kw name="Fill Text" owner="Browser">
<msg time="2026-03-30T14:39:32.303205" level="INFO">Fills the text 'doppio.theem@gmail.com' in the given field.</msg>
<arg>${locator}</arg>
<arg>${txt}</arg>
<tag>PageContent</tag>
<tag>Setter</tag>
<doc>Clears and fills the given ``txt`` into the text field found by ``selector``.</doc>
<status status="PASS" start="2026-03-30T14:39:32.302590" elapsed="0.015748"/>
</kw>
<arg>${login_popup}[txt_email_or_mobile_field]</arg>
<arg>${email_or_mobile_no}</arg>
<status status="PASS" start="2026-03-30T14:39:32.047050" elapsed="0.271721"/>
</kw>
<arg>${email_or_mobile_no}</arg>
<status status="PASS" start="2026-03-30T14:39:32.046641" elapsed="0.272336"/>
</kw>
<kw name="Click login button on login or sign up with email or mobile no. method" owner="header_bar">
<kw name="Click element on screen" owner="common_web">
<kw name="Check if element display" owner="common_web">
<kw name="Wait For Elements State" owner="Browser">
<msg time="2026-03-30T14:39:32.324463" level="INFO">Waited for Element with selector css=[data-testid="btn-check-step-login-with-email"] at state visible</msg>
<arg>${locator}</arg>
<tag>PageContent</tag>
<tag>Wait</tag>
<doc>Waits for the element found by ``selector`` to satisfy state option.</doc>
<status status="PASS" start="2026-03-30T14:39:32.320655" elapsed="0.003895"/>
</kw>
<kw name="Scroll To Element" owner="Browser">
<arg>${locator}</arg>
<tag>PageContent</tag>
<tag>Setter</tag>
<doc>This method waits for actionability checks, then tries to scroll element into view,
unless it is completely visible.</doc>
<status status="PASS" start="2026-03-30T14:39:32.324724" elapsed="0.026170"/>
</kw>
<arg>${locator}</arg>
<status status="PASS" start="2026-03-30T14:39:32.320332" elapsed="0.030888"/>
</kw>
<kw name="Click" owner="Browser">
<msg time="2026-03-30T14:39:32.351856" level="INFO">Clicks the element 'css=[data-testid="btn-check-step-login-with-email"]'.</msg>
<arg>${locator}</arg>
<tag>PageContent</tag>
<tag>Setter</tag>
<doc>Simulates mouse click on the element found by ``selector``.</doc>
<status status="PASS" start="2026-03-30T14:39:32.351432" elapsed="0.221151"/>
</kw>
<arg>${login_popup}[btn_login_confirm_email_or_mobile]</arg>
<status status="PASS" start="2026-03-30T14:39:32.319903" elapsed="0.252813"/>
</kw>
<status status="PASS" start="2026-03-30T14:39:32.319362" elapsed="0.253404"/>
</kw>
<kw name="Input password on login or sign up popup" owner="header_bar">
<kw name="Input in text field" owner="common_web">
<kw name="Check if element display" owner="common_web">
<kw name="Wait For Elements State" owner="Browser">
<msg time="2026-03-30T14:39:32.856650" level="INFO">Waited for Element with selector css=[data-type="password"] at state visible</msg>
<arg>${locator}</arg>
<tag>PageContent</tag>
<tag>Wait</tag>
<doc>Waits for the element found by ``selector`` to satisfy state option.</doc>
<status status="PASS" start="2026-03-30T14:39:32.573725" elapsed="0.283138"/>
</kw>
<kw name="Scroll To Element" owner="Browser">
<arg>${locator}</arg>
<tag>PageContent</tag>
<tag>Setter</tag>
<doc>This method waits for actionability checks, then tries to scroll element into view,
unless it is completely visible.</doc>
<status status="PASS" start="2026-03-30T14:39:32.857236" elapsed="0.043116"/>
</kw>
<arg>${locator}</arg>
<status status="PASS" start="2026-03-30T14:39:32.573529" elapsed="0.326973"/>
</kw>
<kw name="Fill Text" owner="Browser">
<msg time="2026-03-30T14:39:32.901241" level="INFO">Fills the text 'Doppio_123*' in the given field.</msg>
<arg>${locator}</arg>
<arg>${txt}</arg>
<tag>PageContent</tag>
<tag>Setter</tag>
<doc>Clears and fills the given ``txt`` into the text field found by ``selector``.</doc>
<status status="PASS" start="2026-03-30T14:39:32.900728" elapsed="0.008518"/>
</kw>
<arg>${login_popup}[txt_password_field]</arg>
<arg>${password}</arg>
<status status="PASS" start="2026-03-30T14:39:32.573280" elapsed="0.336092"/>
</kw>
<arg>${password}</arg>
<status status="PASS" start="2026-03-30T14:39:32.572954" elapsed="0.336479"/>
</kw>
<kw name="Click login button to confirm password on login or sign up with email or mobile no. method" owner="header_bar">
<kw name="Click element on screen" owner="common_web">
<kw name="Check if element display" owner="common_web">
<kw name="Wait For Elements State" owner="Browser">
<msg time="2026-03-30T14:39:32.913643" level="INFO">Waited for Element with selector css=[data-testid="btn-login-email-width-pass"] at state visible</msg>
<arg>${locator}</arg>
<tag>PageContent</tag>
<tag>Wait</tag>
<doc>Waits for the element found by ``selector`` to satisfy state option.</doc>
<status status="PASS" start="2026-03-30T14:39:32.910690" elapsed="0.003031"/>
</kw>
<kw name="Scroll To Element" owner="Browser">
<arg>${locator}</arg>
<tag>PageContent</tag>
<tag>Setter</tag>
<doc>This method waits for actionability checks, then tries to scroll element into view,
unless it is completely visible.</doc>
<status status="PASS" start="2026-03-30T14:39:32.913888" elapsed="0.036698"/>
</kw>
<arg>${locator}</arg>
<status status="PASS" start="2026-03-30T14:39:32.910419" elapsed="0.040292"/>
</kw>
<kw name="Click" owner="Browser">
<msg time="2026-03-30T14:39:32.951443" level="INFO">Clicks the element 'css=[data-testid="btn-login-email-width-pass"]'.</msg>
<arg>${locator}</arg>
<tag>PageContent</tag>
<tag>Setter</tag>
<doc>Simulates mouse click on the element found by ``selector``.</doc>
<status status="PASS" start="2026-03-30T14:39:32.950953" elapsed="0.590255"/>
</kw>
<arg>${login_popup}[btn_login_confirm_password]</arg>
<status status="PASS" start="2026-03-30T14:39:32.910090" elapsed="0.631356"/>
</kw>
<status status="PASS" start="2026-03-30T14:39:32.909727" elapsed="0.631996"/>
</kw>
<arg>${email}</arg>
<arg>${password}</arg>
<status status="PASS" start="2026-03-30T14:39:29.913867" elapsed="3.628010"/>
</kw>
<kw name="Check if homepage display" owner="home_page">
<kw name="Wait until page display" owner="common_web">
<kw name="Wait Until Keyword Succeeds" owner="BuiltIn">
<kw name="Wait For Elements State" owner="Browser">
<msg time="2026-03-30T14:39:33.559192" level="INFO">Waited for Element with selector css=[id="home-search-component"]:not([style="display: none !important;"]) at state visible</msg>
<arg>${locator}</arg>
<tag>PageContent</tag>
<tag>Wait</tag>
<doc>Waits for the element found by ``selector`` to satisfy state option.</doc>
<status status="PASS" start="2026-03-30T14:39:33.543908" elapsed="0.015422"/>
</kw>
<arg>${retry_times}</arg>
<arg>${interval_for_retry}</arg>
<arg>Browser.Wait for elements state</arg>
<arg>${locator}</arg>
<doc>Runs the specified keyword and retries if it fails.</doc>
<status status="PASS" start="2026-03-30T14:39:33.543406" elapsed="0.016017"/>
</kw>
<arg>${homepage_element}[homepage_section]</arg>
<arg>${retry_times}</arg>
<arg>${interval_for_retry}</arg>
<status status="PASS" start="2026-03-30T14:39:33.542884" elapsed="0.016597"/>
</kw>
<status status="PASS" start="2026-03-30T14:39:33.542234" elapsed="0.017287"/>
</kw>
<kw name="Check if login successfully" owner="header_bar">
<kw name="Check if element display" owner="common_web">
<kw name="Wait For Elements State" owner="Browser">
<msg time="2026-03-30T14:39:34.585745" level="INFO">Waited for Element with selector css=[alt="user-icon2"] at state visible</msg>
<arg>${locator}</arg>
<tag>PageContent</tag>
<tag>Wait</tag>
<doc>Waits for the element found by ``selector`` to satisfy state option.</doc>
<status status="PASS" start="2026-03-30T14:39:33.560230" elapsed="1.025682"/>
</kw>
<kw name="Scroll To Element" owner="Browser">
<arg>${locator}</arg>
<tag>PageContent</tag>
<tag>Setter</tag>
<doc>This method waits for actionability checks, then tries to scroll element into view,
unless it is completely visible.</doc>
<status status="PASS" start="2026-03-30T14:39:34.586152" elapsed="0.032811"/>
</kw>
<arg>${header_bar}[btn_account_icon]</arg>
<status status="PASS" start="2026-03-30T14:39:33.559997" elapsed="1.059064"/>
</kw>
<status status="PASS" start="2026-03-30T14:39:33.559700" elapsed="1.059409"/>
</kw>
<kw name="Click accept cookie on footer" owner="footer">
<kw name="Run Keyword And Ignore Error" owner="BuiltIn">
<kw name="Click element on screen" owner="common_web">
<kw name="Check if element display" owner="common_web">
<kw name="Wait For Elements State" owner="Browser">
<msg time="2026-03-30T14:39:34.623245" level="INFO">Waited for Element with selector css=#fixed-bottom-group button:text-is("Accept All") at state visible</msg>
<arg>${locator}</arg>
<tag>PageContent</tag>
<tag>Wait</tag>
<doc>Waits for the element found by ``selector`` to satisfy state option.</doc>
<status status="PASS" start="2026-03-30T14:39:34.620279" elapsed="0.003046"/>
</kw>
<kw name="Scroll To Element" owner="Browser">
<arg>${locator}</arg>
<tag>PageContent</tag>
<tag>Setter</tag>
<doc>This method waits for actionability checks, then tries to scroll element into view,
unless it is completely visible.</doc>
<status status="PASS" start="2026-03-30T14:39:34.623466" elapsed="0.025646"/>
</kw>
<arg>${locator}</arg>
<status status="PASS" start="2026-03-30T14:39:34.620085" elapsed="0.029175"/>
</kw>
<kw name="Click" owner="Browser">
<msg time="2026-03-30T14:39:34.649734" level="INFO">Clicks the element 'css=#fixed-bottom-group button:text-is("Accept All")'.</msg>
<arg>${locator}</arg>
<tag>PageContent</tag>
<tag>Setter</tag>
<doc>Simulates mouse click on the element found by ``selector``.</doc>
<status status="PASS" start="2026-03-30T14:39:34.649411" elapsed="0.233728"/>
</kw>
<arg>${cookie_element}[btn_accept_all]</arg>
<status status="PASS" start="2026-03-30T14:39:34.619857" elapsed="0.263517"/>
</kw>
<arg>common_web.Click element on screen</arg>
<arg>${cookie_element}[btn_accept_all]</arg>
<doc>Runs the given keyword with the given arguments and ignores possible error.</doc>
<status status="PASS" start="2026-03-30T14:39:34.619565" elapsed="0.263907"/>
</kw>
<status status="PASS" start="2026-03-30T14:39:34.619298" elapsed="0.264268"/>
</kw>
<arg>${default_account}[email]</arg>
<arg>${default_account}[password]</arg>
<status status="PASS" start="2026-03-30T14:39:25.937360" elapsed="8.946287"/>
</kw>
<kw name="Click hotels tab on header bar" owner="header_bar">
<kw name="Click element on screen" owner="common_web">
<kw name="Check if element display" owner="common_web">
<kw name="Wait For Elements State" owner="Browser">
<msg time="2026-03-30T14:39:34.898442" level="INFO">Waited for Element with selector css=#home-menu-hotel at state visible</msg>
<arg>${locator}</arg>
<tag>PageContent</tag>
<tag>Wait</tag>
<doc>Waits for the element found by ``selector`` to satisfy state option.</doc>
<status status="PASS" start="2026-03-30T14:39:34.887261" elapsed="0.011276"/>
</kw>
<kw name="Scroll To Element" owner="Browser">
<arg>${locator}</arg>
<tag>PageContent</tag>
<tag>Setter</tag>
<doc>This method waits for actionability checks, then tries to scroll element into view,
unless it is completely visible.</doc>
<status status="PASS" start="2026-03-30T14:39:34.898712" elapsed="0.084687"/>
</kw>
<arg>${locator}</arg>
<status status="PASS" start="2026-03-30T14:39:34.887013" elapsed="0.096492"/>
</kw>
<kw name="Click" owner="Browser">
<msg time="2026-03-30T14:39:34.984013" level="INFO">Clicks the element 'css=#home-menu-hotel'.</msg>
<arg>${locator}</arg>
<tag>PageContent</tag>
<tag>Setter</tag>
<doc>Simulates mouse click on the element found by ``selector``.</doc>
<status status="PASS" start="2026-03-30T14:39:34.983661" elapsed="0.060448"/>
</kw>
<arg>${header_bar}[btn_hotels_tab]</arg>
<status status="PASS" start="2026-03-30T14:39:34.886443" elapsed="0.157785"/>
</kw>
<status status="PASS" start="2026-03-30T14:39:34.884895" elapsed="0.159402"/>
</kw>
<kw name="Search destination by typing" owner="hotels_feature">
<kw name="Click destination search field" owner="hotels_page">
<kw name="Click element on screen" owner="common_web">
<kw name="Check if element display" owner="common_web">
<kw name="Wait For Elements State" owner="Browser">
<msg time="2026-03-30T14:39:35.828264" level="INFO">Waited for Element with selector css=#hotel-search-destination at state visible</msg>
<arg>${locator}</arg>
<tag>PageContent</tag>
<tag>Wait</tag>
<doc>Waits for the element found by ``selector`` to satisfy state option.</doc>
<status status="PASS" start="2026-03-30T14:39:35.045619" elapsed="0.782792"/>
</kw>
<kw name="Scroll To Element" owner="Browser">
<arg>${locator}</arg>
<tag>PageContent</tag>
<tag>Setter</tag>
<doc>This method waits for actionability checks, then tries to scroll element into view,
unless it is completely visible.</doc>
<status status="PASS" start="2026-03-30T14:39:35.828664" elapsed="0.038599"/>
</kw>
<arg>${locator}</arg>
<status status="PASS" start="2026-03-30T14:39:35.045406" elapsed="0.821977"/>
</kw>
<kw name="Click" owner="Browser">
<msg time="2026-03-30T14:39:35.867956" level="INFO">Clicks the element 'css=#hotel-search-destination'.</msg>
<arg>${locator}</arg>
<tag>PageContent</tag>
<tag>Setter</tag>
<doc>Simulates mouse click on the element found by ``selector``.</doc>
<status status="PASS" start="2026-03-30T14:39:35.867559" elapsed="0.121620"/>
</kw>
<arg>${hotels_search_section}[txt_search_bar]</arg>
<status status="PASS" start="2026-03-30T14:39:35.045185" elapsed="0.944100"/>
</kw>
<status status="PASS" start="2026-03-30T14:39:35.044979" elapsed="0.944347"/>
</kw>
<kw name="Input destination on search field" owner="hotels_page">
<kw name="Input in text field" owner="common_web">
<kw name="Check if element display" owner="common_web">
<kw name="Wait For Elements State" owner="Browser">
<msg time="2026-03-30T14:39:36.010147" level="INFO">Waited for Element with selector css=#hotel-search-destination at state visible</msg>
<arg>${locator}</arg>
<tag>PageContent</tag>
<tag>Wait</tag>
<doc>Waits for the element found by ``selector`` to satisfy state option.</doc>
<status status="PASS" start="2026-03-30T14:39:35.991745" elapsed="0.018547"/>
</kw>
<kw name="Scroll To Element" owner="Browser">
<arg>${locator}</arg>
<tag>PageContent</tag>
<tag>Setter</tag>
<doc>This method waits for actionability checks, then tries to scroll element into view,
unless it is completely visible.</doc>
<status status="PASS" start="2026-03-30T14:39:36.010522" elapsed="0.045383"/>
</kw>
<arg>${locator}</arg>
<status status="PASS" start="2026-03-30T14:39:35.990108" elapsed="0.065898"/>
</kw>
<kw name="Fill Text" owner="Browser">
<msg time="2026-03-30T14:39:36.056539" level="INFO">Fills the text 'Bangkok' in the given field.</msg>
<arg>${locator}</arg>
<arg>${txt}</arg>
<tag>PageContent</tag>
<tag>Setter</tag>
<doc>Clears and fills the given ``txt`` into the text field found by ``selector``.</doc>
<status status="PASS" start="2026-03-30T14:39:36.056159" elapsed="0.018845"/>
</kw>
<arg>${hotels_search_section}[txt_search_bar]</arg>
<arg>${search_text}</arg>
<status status="PASS" start="2026-03-30T14:39:35.989852" elapsed="0.085270"/>
</kw>
<arg>${search_text}</arg>
<status status="PASS" start="2026-03-30T14:39:35.989514" elapsed="0.085676"/>
</kw>
<kw name="Select destination from suggestion list after search with input" owner="hotels_page">
<kw name="Replace String" owner="String">
<msg time="2026-03-30T14:39:36.076104" level="INFO">${destination_locator} = css=[id^="hotel-search-typing-"] b:has-text("Bangkok")</msg>
<var>${destination_locator}</var>
<arg>${hotels_search_section}[btn_search_suggestion_typing]</arg>
<arg>***destination***</arg>
<arg>${destination}</arg>
<doc>Replaces ``search_for`` in the given ``string`` with ``replace_with``.</doc>
<status status="PASS" start="2026-03-30T14:39:36.075822" elapsed="0.000309"/>
</kw>
<kw name="Click element on screen" owner="common_web">
<kw name="Check if element display" owner="common_web">
<kw name="Wait For Elements State" owner="Browser">
<msg time="2026-03-30T14:39:36.896904" level="INFO">Waited for Element with selector css=[id^="hotel-search-typing-"] b:has-text("Bangkok") at state visible</msg>
<arg>${locator}</arg>
<tag>PageContent</tag>
<tag>Wait</tag>
<doc>Waits for the element found by ``selector`` to satisfy state option.</doc>
<status status="PASS" start="2026-03-30T14:39:36.076769" elapsed="0.820688"/>
</kw>
<kw name="Scroll To Element" owner="Browser">
<arg>${locator}</arg>
<tag>PageContent</tag>
<tag>Setter</tag>
<doc>This method waits for actionability checks, then tries to scroll element into view,
unless it is completely visible.</doc>
<status status="PASS" start="2026-03-30T14:39:36.898203" elapsed="0.035850"/>
</kw>
<arg>${locator}</arg>
<status status="PASS" start="2026-03-30T14:39:36.076558" elapsed="0.857757"/>
</kw>
<kw name="Click" owner="Browser">
<msg time="2026-03-30T14:39:36.935549" level="INFO">Clicks the element 'css=[id^="hotel-search-typing-"] b:has-text("Bangkok")'.</msg>
<arg>${locator}</arg>
<tag>PageContent</tag>
<tag>Setter</tag>
<doc>Simulates mouse click on the element found by ``selector``.</doc>
<status status="PASS" start="2026-03-30T14:39:36.934716" elapsed="0.071239"/>
</kw>
<arg>${destination_locator}</arg>
<status status="PASS" start="2026-03-30T14:39:36.076290" elapsed="0.929894"/>
</kw>
<arg>${search_text}</arg>
<status status="PASS" start="2026-03-30T14:39:36.075397" elapsed="0.930852"/>
</kw>
<arg>${TC_HOTELS_001}[destination]</arg>
<status status="PASS" start="2026-03-30T14:39:35.044608" elapsed="1.961694"/>
</kw>
<kw name="Click check in date section" owner="hotels_page">
<kw name="Click element on screen" owner="common_web">
<kw name="Check if element display" owner="common_web">
<kw name="Wait For Elements State" owner="Browser">
<msg time="2026-03-30T14:39:37.011274" level="INFO">Waited for Element with selector css=[for="hotel-search-checkin-date"] at state visible</msg>
<arg>${locator}</arg>
<tag>PageContent</tag>
<tag>Wait</tag>
<doc>Waits for the element found by ``selector`` to satisfy state option.</doc>
<status status="PASS" start="2026-03-30T14:39:37.008014" elapsed="0.003350"/>
</kw>
<kw name="Scroll To Element" owner="Browser">
<arg>${locator}</arg>
<tag>PageContent</tag>
<tag>Setter</tag>
<doc>This method waits for actionability checks, then tries to scroll element into view,
unless it is completely visible.</doc>
<status status="PASS" start="2026-03-30T14:39:37.011529" elapsed="0.026654"/>
</kw>
<arg>${locator}</arg>
<status status="PASS" start="2026-03-30T14:39:37.007728" elapsed="0.030578"/>
</kw>
<kw name="Click" owner="Browser">
<msg time="2026-03-30T14:39:37.038942" level="INFO">Clicks the element 'css=[for="hotel-search-checkin-date"]'.</msg>
<arg>${locator}</arg>
<tag>PageContent</tag>
<tag>Setter</tag>
<doc>Simulates mouse click on the element found by ``selector``.</doc>
<status status="PASS" start="2026-03-30T14:39:37.038499" elapsed="0.303986"/>
</kw>
<arg>${hotels_search_section}[btn_checkin_date]</arg>
<status status="PASS" start="2026-03-30T14:39:37.007303" elapsed="0.335291"/>
</kw>
<status status="PASS" start="2026-03-30T14:39:37.006652" elapsed="0.335986"/>
</kw>
<kw name="Find today date on calendar and select today date" owner="common_feature">
<kw name="Get Time" owner="BuiltIn">
<msg time="2026-03-30T14:39:37.343557" level="INFO">${month_index_ref} = 03</msg>
<var>${month_index_ref}</var>
<arg>month</arg>
<doc>Returns the given time in the requested format.</doc>
<status status="PASS" start="2026-03-30T14:39:37.343298" elapsed="0.000281"/>
</kw>
<kw name="Convert To Number" owner="BuiltIn">
<msg time="2026-03-30T14:39:37.343875" level="INFO">${month_int_ref} = 3.0</msg>
<var>${month_int_ref}</var>
<arg>${month_index_ref}</arg>
<doc>Converts the given item to a floating point number.</doc>
<status status="PASS" start="2026-03-30T14:39:37.343687" elapsed="0.000204"/>
</kw>
<kw name="Get left month on calendar" owner="common_web">
<kw name="Get text from element" owner="common_web">
<kw name="Check if element display" owner="common_web">
<kw name="Wait For Elements State" owner="Browser">
<msg time="2026-03-30T14:39:37.347771" level="INFO">Waited for Element with selector css=.date-text-left p at state visible</msg>
<arg>${locator}</arg>
<tag>PageContent</tag>
<tag>Wait</tag>
<doc>Waits for the element found by ``selector`` to satisfy state option.</doc>
<status status="PASS" start="2026-03-30T14:39:37.344583" elapsed="0.003265"/>
</kw>
<kw name="Scroll To Element" owner="Browser">
<arg>${locator}</arg>
<tag>PageContent</tag>
<tag>Setter</tag>
<doc>This method waits for actionability checks, then tries to scroll element into view,
unless it is completely visible.</doc>
<status status="PASS" start="2026-03-30T14:39:37.347991" elapsed="0.070396"/>
</kw>
<arg>${locator}</arg>
<status status="PASS" start="2026-03-30T14:39:37.344407" elapsed="0.074106"/>
</kw>
<kw name="Get Text" owner="Browser">
<msg time="2026-03-30T14:39:37.427207" level="INFO">Text: 'April 2026'</msg>
<msg time="2026-03-30T14:39:37.427325" level="INFO">${text} = April 2026</msg>
<var>${text}</var>
<arg>${locator}</arg>
<tag>Assertion</tag>
<tag>Getter</tag>
<tag>PageContent</tag>
<doc>Returns text attribute of the element found by ``selector``.</doc>
<status status="PASS" start="2026-03-30T14:39:37.418816" elapsed="0.008530"/>
</kw>
<return>
<value>${text}</value>
<status status="PASS" start="2026-03-30T14:39:37.427427" elapsed="0.000113"/>
</return>
<msg time="2026-03-30T14:39:37.427657" level="INFO">${left_month} = April 2026</msg>
<var>${left_month}</var>
<arg>${calendar_modal}[lbl_month_left]</arg>
<status status="PASS" start="2026-03-30T14:39:37.344205" elapsed="0.083471"/>
</kw>
<return>
<value>${left_month}</value>
<status status="PASS" start="2026-03-30T14:39:37.427718" elapsed="0.000049"/>
</return>
<msg time="2026-03-30T14:39:37.427848" level="INFO">${month_text} = April 2026</msg>
<var>${month_text}</var>
<status status="PASS" start="2026-03-30T14:39:37.344016" elapsed="0.083850"/>
</kw>
<kw name="Convert month into index" owner="common_web">
<kw name="Set Variable" owner="BuiltIn">
<msg time="2026-03-30T14:39:37.429024" level="INFO">${month_index} = 4</msg>
<var>${month_index}</var>
<arg>${month_to_index}[${month_in_text}]</arg>
<doc>Returns the given values which can then be assigned to a variables.</doc>
<status status="PASS" start="2026-03-30T14:39:37.428773" elapsed="0.000270"/>
</kw>
<return>
<value>${month_index}</value>
<status status="PASS" start="2026-03-30T14:39:37.429084" elapsed="0.000044"/>
</return>
<msg time="2026-03-30T14:39:37.429206" level="INFO">${month_index} = 4</msg>
<var>${month_index}</var>
<arg>${month_text[0:-5]}</arg>
<status status="PASS" start="2026-03-30T14:39:37.428091" elapsed="0.001133"/>
</kw>
<kw name="Convert To Number" owner="BuiltIn">
<msg time="2026-03-30T14:39:37.429522" level="INFO">${month_int} = 4.0</msg>
<var>${month_int}</var>
<arg>${month_index}</arg>
<doc>Converts the given item to a floating point number.</doc>
<status status="PASS" start="2026-03-30T14:39:37.429335" elapsed="0.000204"/>
</kw>
<if>
<branch type="IF" condition="${month_int} &lt; ${month_int_ref}">
<kw name="Evaluate" owner="BuiltIn">
<var>${diff}</var>
<arg>${month_int_ref}-${month_int}</arg>
<doc>Evaluates the given expression in Python and returns the result.</doc>
<status status="NOT RUN" start="2026-03-30T14:39:37.429797" elapsed="0.000035"/>
</kw>
<for flavor="IN RANGE">
<iter>
<kw name="Click next one month on calendar" owner="common_web">
<status status="NOT RUN" start="2026-03-30T14:39:37.430091" elapsed="0.000037"/>
</kw>
<var name="${i}"/>
<status status="NOT RUN" start="2026-03-30T14:39:37.429956" elapsed="0.000198"/>
</iter>
<var>${i}</var>
<value>{diff}</value>
<status status="NOT RUN" start="2026-03-30T14:39:37.429883" elapsed="0.000303"/>
</for>
<kw name="Select today date on calendar" owner="common_web">
<status status="NOT RUN" start="2026-03-30T14:39:37.430312" elapsed="0.000037"/>
</kw>
<status status="NOT RUN" start="2026-03-30T14:39:37.429612" elapsed="0.000762"/>
</branch>
<branch type="ELSE IF" condition="${month_int} &gt; ${month_int_ref}">
<kw name="Evaluate" owner="BuiltIn">
<msg time="2026-03-30T14:39:37.430767" level="INFO">${diff} = 1.0</msg>
<var>${diff}</var>
<arg>${month_int}-${month_int_ref}</arg>
<doc>Evaluates the given expression in Python and returns the result.</doc>
<status status="PASS" start="2026-03-30T14:39:37.430564" elapsed="0.000222"/>
</kw>
<for flavor="IN RANGE">
<iter>
<kw name="Click back one month on calendar" owner="common_web">
<kw name="Click element on screen" owner="common_web">
<kw name="Check if element display" owner="common_web">
<kw name="Wait For Elements State" owner="Browser">
<msg time="2026-03-30T14:39:37.434232" level="INFO">Waited for Element with selector css=[title="back-one-month"] at state visible</msg>
<arg>${locator}</arg>
<tag>PageContent</tag>
<tag>Wait</tag>
<doc>Waits for the element found by ``selector`` to satisfy state option.</doc>
<status status="PASS" start="2026-03-30T14:39:37.431676" elapsed="0.002626"/>
</kw>
<kw name="Scroll To Element" owner="Browser">
<arg>${locator}</arg>
<tag>PageContent</tag>
<tag>Setter</tag>
<doc>This method waits for actionability checks, then tries to scroll element into view,
unless it is completely visible.</doc>
<status status="PASS" start="2026-03-30T14:39:37.434443" elapsed="0.031743"/>
</kw>
<arg>${locator}</arg>
<status status="PASS" start="2026-03-30T14:39:37.431483" elapsed="0.034826"/>
</kw>
<kw name="Click" owner="Browser">
<msg time="2026-03-30T14:39:37.466723" level="INFO">Clicks the element 'css=[title="back-one-month"]'.</msg>
<arg>${locator}</arg>
<tag>PageContent</tag>
<tag>Setter</tag>
<doc>Simulates mouse click on the element found by ``selector``.</doc>
<status status="PASS" start="2026-03-30T14:39:37.466445" elapsed="0.052526"/>
</kw>
<arg>${calendar_modal}[btn_back_one_month]</arg>
<status status="PASS" start="2026-03-30T14:39:37.431265" elapsed="0.087841"/>
</kw>
<status status="PASS" start="2026-03-30T14:39:37.431061" elapsed="0.088097"/>
</kw>
<var name="${i}">0.0</var>
<status status="PASS" start="2026-03-30T14:39:37.430933" elapsed="0.088255"/>
</iter>
<var>${i}</var>
<value>${diff}</value>
<status status="PASS" start="2026-03-30T14:39:37.430827" elapsed="0.088406"/>
</for>
<kw name="Select today date on calendar" owner="common_web">
<kw name="Click element on screen" owner="common_web">
<kw name="Check if element display" owner="common_web">
<kw name="Wait For Elements State" owner="Browser">
<msg time="2026-03-30T14:39:37.523080" level="INFO">Waited for Element with selector css=.rdrDay.rdrDayToday at state visible</msg>
<arg>${locator}</arg>
<tag>PageContent</tag>
<tag>Wait</tag>
<doc>Waits for the element found by ``selector`` to satisfy state option.</doc>
<status status="PASS" start="2026-03-30T14:39:37.520302" elapsed="0.002855"/>
</kw>
<kw name="Scroll To Element" owner="Browser">
<arg>${locator}</arg>
<tag>PageContent</tag>
<tag>Setter</tag>
<doc>This method waits for actionability checks, then tries to scroll element into view,
unless it is completely visible.</doc>
<status status="PASS" start="2026-03-30T14:39:37.523308" elapsed="0.026272"/>
</kw>
<arg>${locator}</arg>
<status status="PASS" start="2026-03-30T14:39:37.520086" elapsed="0.029571"/>
</kw>
<kw name="Click" owner="Browser">
<msg time="2026-03-30T14:39:37.550090" level="INFO">Clicks the element 'css=.rdrDay.rdrDayToday'.</msg>
<arg>${locator}</arg>
<tag>PageContent</tag>
<tag>Setter</tag>
<doc>Simulates mouse click on the element found by ``selector``.</doc>
<status status="PASS" start="2026-03-30T14:39:37.549792" elapsed="0.076364"/>
</kw>
<arg>${calendar_modal}[btn_today_date]</arg>
<status status="PASS" start="2026-03-30T14:39:37.519814" elapsed="0.106460"/>
</kw>
<status status="PASS" start="2026-03-30T14:39:37.519462" elapsed="0.106857"/>
</kw>
<status status="PASS" start="2026-03-30T14:39:37.430400" elapsed="0.195948"/>
</branch>
<branch type="ELSE">
<kw name="Select today date on calendar" owner="common_web">
<status status="NOT RUN" start="2026-03-30T14:39:37.626660" elapsed="0.000073"/>
</kw>
<status status="NOT RUN" start="2026-03-30T14:39:37.626387" elapsed="0.000373"/>
</branch>
<status status="PASS" start="2026-03-30T14:39:37.429594" elapsed="0.197188"/>
</if>
<status status="PASS" start="2026-03-30T14:39:37.342997" elapsed="0.283824"/>
</kw>
<kw name="Select period from selected date to target days" owner="common_feature">
<kw name="Get left month on calendar" owner="common_web">
<kw name="Get text from element" owner="common_web">
<kw name="Check if element display" owner="common_web">
<kw name="Wait For Elements State" owner="Browser">
<msg time="2026-03-30T14:39:37.630708" level="INFO">Waited for Element with selector css=.date-text-left p at state visible</msg>
<arg>${locator}</arg>
<tag>PageContent</tag>
<tag>Wait</tag>
<doc>Waits for the element found by ``selector`` to satisfy state option.</doc>
<status status="PASS" start="2026-03-30T14:39:37.627973" elapsed="0.002810"/>
</kw>
<kw name="Scroll To Element" owner="Browser">
<arg>${locator}</arg>
<tag>PageContent</tag>
<tag>Setter</tag>
<doc>This method waits for actionability checks, then tries to scroll element into view,
unless it is completely visible.</doc>
<status status="PASS" start="2026-03-30T14:39:37.630922" elapsed="0.035345"/>
</kw>
<arg>${locator}</arg>
<status status="PASS" start="2026-03-30T14:39:37.627787" elapsed="0.038557"/>
</kw>
<kw name="Get Text" owner="Browser">
<msg time="2026-03-30T14:39:37.670734" level="INFO">Text: 'March 2026'</msg>
<msg time="2026-03-30T14:39:37.670813" level="INFO">${text} = March 2026</msg>
<var>${text}</var>
<arg>${locator}</arg>
<tag>Assertion</tag>
<tag>Getter</tag>
<tag>PageContent</tag>
<doc>Returns text attribute of the element found by ``selector``.</doc>
<status status="PASS" start="2026-03-30T14:39:37.666479" elapsed="0.004353"/>
</kw>
<return>
<value>${text}</value>
<status status="PASS" start="2026-03-30T14:39:37.670890" elapsed="0.000069"/>
</return>
<msg time="2026-03-30T14:39:37.671051" level="INFO">${left_month} = March 2026</msg>
<var>${left_month}</var>
<arg>${calendar_modal}[lbl_month_left]</arg>
<status status="PASS" start="2026-03-30T14:39:37.627560" elapsed="0.043510"/>
</kw>
<return>
<value>${left_month}</value>
<status status="PASS" start="2026-03-30T14:39:37.671108" elapsed="0.000045"/>
</return>
<msg time="2026-03-30T14:39:37.671230" level="INFO">${month_text} = March 2026</msg>
<var>${month_text}</var>
<status status="PASS" start="2026-03-30T14:39:37.627353" elapsed="0.043894"/>
</kw>
<kw name="Replace String" owner="String">
<msg time="2026-03-30T14:39:37.671567" level="INFO">${available_month_locator} = css=.rdrMonth:has-text("March 2026") .rdrDay:nth-child(***index*** of :not(.rdrDayDisabled):not(.invisible))</msg>
<var>${available_month_locator}</var>
<arg>${calendar_modal}[btn_available_date_by_index]</arg>
<arg>***month***</arg>
<arg>${month_text}</arg>
<doc>Replaces ``search_for`` in the given ``string`` with ``replace_with``.</doc>
<status status="PASS" start="2026-03-30T14:39:37.671369" elapsed="0.000217"/>
</kw>
<for flavor="IN RANGE">
<iter>
<kw name="Replace String" owner="String">
<msg time="2026-03-30T14:39:37.672055" level="INFO">${available_date_locator} = css=.rdrMonth:has-text("March 2026") .rdrDay:nth-child(1 of :not(.rdrDayDisabled):not(.invisible))</msg>
<var>${available_date_locator}</var>
<arg>${available_month_locator}</arg>
<arg>***index***</arg>
<arg>${available_date_in_current_month}</arg>
<doc>Replaces ``search_for`` in the given ``string`` with ``replace_with``.</doc>
<status status="PASS" start="2026-03-30T14:39:37.671891" elapsed="0.000184"/>
</kw>
<kw name="Run Keyword And Return Status" owner="BuiltIn">
<kw name="Check if element display" owner="common_web">
<kw name="Wait For Elements State" owner="Browser">
<msg time="2026-03-30T14:39:37.675464" level="INFO">Waited for Element with selector css=.rdrMonth:has-text("March 2026") .rdrDay:nth-child(1 of :not(.rdrDayDisabled):not(.invisible)) at state visible</msg>
<arg>${locator}</arg>
<tag>PageContent</tag>
<tag>Wait</tag>
<doc>Waits for the element found by ``selector`` to satisfy state option.</doc>
<status status="PASS" start="2026-03-30T14:39:37.672675" elapsed="0.002850"/>
</kw>
<kw name="Scroll To Element" owner="Browser">
<arg>${locator}</arg>
<tag>PageContent</tag>
<tag>Setter</tag>
<doc>This method waits for actionability checks, then tries to scroll element into view,
unless it is completely visible.</doc>
<status status="PASS" start="2026-03-30T14:39:37.675657" elapsed="0.023867"/>
</kw>
<arg>${available_date_locator}</arg>
<status status="PASS" start="2026-03-30T14:39:37.672452" elapsed="0.027148"/>
</kw>
<msg time="2026-03-30T14:39:37.699674" level="INFO">${status} = True</msg>
<var>${status}</var>
<arg>common_web.Check if element display</arg>
<arg>${available_date_locator}</arg>
<doc>Runs the specified keyword and returns the status as a Boolean value.</doc>
<status status="PASS" start="2026-03-30T14:39:37.672192" elapsed="0.027504"/>
</kw>
<kw name="Exit For Loop If" owner="BuiltIn">
<arg>${status}==${False}</arg>
<doc>Stops executing the enclosing FOR loop if the ``condition`` is true.</doc>
<status status="PASS" start="2026-03-30T14:39:37.699830" elapsed="0.000298"/>
</kw>
<var name="${available_date_in_current_month}">1</var>
<status status="PASS" start="2026-03-30T14:39:37.671769" elapsed="0.028397"/>
</iter>
<iter>
<kw name="Replace String" owner="String">
<msg time="2026-03-30T14:39:37.700626" level="INFO">${available_date_locator} = css=.rdrMonth:has-text("March 2026") .rdrDay:nth-child(2 of :not(.rdrDayDisabled):not(.invisible))</msg>
<var>${available_date_locator}</var>
<arg>${available_month_locator}</arg>
<arg>***index***</arg>
<arg>${available_date_in_current_month}</arg>
<doc>Replaces ``search_for`` in the given ``string`` with ``replace_with``.</doc>
<status status="PASS" start="2026-03-30T14:39:37.700435" elapsed="0.000213"/>
</kw>
<kw name="Run Keyword And Return Status" owner="BuiltIn">
<kw name="Check if element display" owner="common_web">
<kw name="Wait For Elements State" owner="Browser">
<msg time="2026-03-30T14:39:37.703897" level="INFO">Waited for Element with selector css=.rdrMonth:has-text("March 2026") .rdrDay:nth-child(2 of :not(.rdrDayDisabled):not(.invisible)) at state visible</msg>
<arg>${locator}</arg>
<tag>PageContent</tag>
<tag>Wait</tag>
<doc>Waits for the element found by ``selector`` to satisfy state option.</doc>
<status status="PASS" start="2026-03-30T14:39:37.701284" elapsed="0.002674"/>
</kw>
<kw name="Scroll To Element" owner="Browser">
<arg>${locator}</arg>
<tag>PageContent</tag>
<tag>Setter</tag>
<doc>This method waits for actionability checks, then tries to scroll element into view,
unless it is completely visible.</doc>
<status status="PASS" start="2026-03-30T14:39:37.704094" elapsed="0.028771"/>
</kw>
<arg>${available_date_locator}</arg>
<status status="PASS" start="2026-03-30T14:39:37.701045" elapsed="0.031909"/>
</kw>
<msg time="2026-03-30T14:39:37.733031" level="INFO">${status} = True</msg>
<var>${status}</var>
<arg>common_web.Check if element display</arg>
<arg>${available_date_locator}</arg>
<doc>Runs the specified keyword and returns the status as a Boolean value.</doc>
<status status="PASS" start="2026-03-30T14:39:37.700779" elapsed="0.032274"/>
</kw>
<kw name="Exit For Loop If" owner="BuiltIn">
<arg>${status}==${False}</arg>
<doc>Stops executing the enclosing FOR loop if the ``condition`` is true.</doc>
<status status="PASS" start="2026-03-30T14:39:37.733194" elapsed="0.000308"/>
</kw>
<var name="${available_date_in_current_month}">2</var>
<status status="PASS" start="2026-03-30T14:39:37.700300" elapsed="0.033243"/>
</iter>
<iter>
<kw name="Replace String" owner="String">
<msg time="2026-03-30T14:39:37.733969" level="INFO">${available_date_locator} = css=.rdrMonth:has-text("March 2026") .rdrDay:nth-child(3 of :not(.rdrDayDisabled):not(.invisible))</msg>
<var>${available_date_locator}</var>
<arg>${available_month_locator}</arg>
<arg>***index***</arg>
<arg>${available_date_in_current_month}</arg>
<doc>Replaces ``search_for`` in the given ``string`` with ``replace_with``.</doc>
<status status="PASS" start="2026-03-30T14:39:37.733773" elapsed="0.000219"/>
</kw>
<kw name="Run Keyword And Return Status" owner="BuiltIn">
<kw name="Check if element display" owner="common_web">
<kw name="Wait For Elements State" owner="Browser">
<msg time="2026-03-30T14:39:47.861690" level="INFO" html="true">&lt;/td&gt;&lt;/tr&gt;&lt;tr&gt;&lt;td colspan="3"&gt;&lt;a href="browser/screenshot/fail-screenshot-1.png" target="_blank"&gt;&lt;img src="browser/screenshot/fail-screenshot-1.png" width="800px"/&gt;&lt;/a&gt;</msg>
<msg time="2026-03-30T14:39:47.861771" level="INFO">See also file:///Users/theemdoppio/Desktop/Automation/GitHub/assign-automation-mar-2026/testcases/web/results/playwright-log.txt for additional details.</msg>
<msg time="2026-03-30T14:39:47.862026" level="FAIL">TimeoutError: locator.waitFor: Timeout 10000ms exceeded.
Call log:
  - waiting for locator('.rdrMonth:has-text("March 2026") .rdrDay:nth-child(3 of :not(.rdrDayDisabled):not(.invisible))').first() to be visible
</msg>
<arg>${locator}</arg>
<tag>PageContent</tag>
<tag>Wait</tag>
<doc>Waits for the element found by ``selector`` to satisfy state option.</doc>
<status status="FAIL" start="2026-03-30T14:39:37.734679" elapsed="10.128113">TimeoutError: locator.waitFor: Timeout 10000ms exceeded.
Call log:
  - waiting for locator('.rdrMonth:has-text("March 2026") .rdrDay:nth-child(3 of :not(.rdrDayDisabled):not(.invisible))').first() to be visible
</status>
</kw>
<kw name="Scroll To Element" owner="Browser">
<arg>${locator}</arg>
<tag>PageContent</tag>
<tag>Setter</tag>
<doc>This method waits for actionability checks, then tries to scroll element into view,
unless it is completely visible.</doc>
<status status="NOT RUN" start="2026-03-30T14:39:47.862965" elapsed="0.000055"/>
</kw>
<arg>${available_date_locator}</arg>
<status status="FAIL" start="2026-03-30T14:39:37.734423" elapsed="10.128672">TimeoutError: locator.waitFor: Timeout 10000ms exceeded.
Call log:
  - waiting for locator('.rdrMonth:has-text("March 2026") .rdrDay:nth-child(3 of :not(.rdrDayDisabled):not(.invisible))').first() to be visible
</status>
</kw>
<msg time="2026-03-30T14:39:47.863165" level="INFO">${status} = False</msg>
<var>${status}</var>
<arg>common_web.Check if element display</arg>
<arg>${available_date_locator}</arg>
<doc>Runs the specified keyword and returns the status as a Boolean value.</doc>
<status status="PASS" start="2026-03-30T14:39:37.734128" elapsed="10.129052"/>
</kw>
<kw name="Exit For Loop If" owner="BuiltIn">
<msg time="2026-03-30T14:39:47.863533" level="INFO">Exiting for loop altogether.</msg>
<arg>${status}==${False}</arg>
<doc>Stops executing the enclosing FOR loop if the ``condition`` is true.</doc>
<status status="PASS" start="2026-03-30T14:39:47.863276" elapsed="0.000290"/>
</kw>
<var name="${available_date_in_current_month}">3</var>
<status status="PASS" start="2026-03-30T14:39:37.733634" elapsed="10.129962"/>
</iter>
<var>${available_date_in_current_month}</var>
<value>1</value>
<value>31</value>
<status status="PASS" start="2026-03-30T14:39:37.671638" elapsed="10.191990"/>
</for>
<kw name="Evaluate" owner="BuiltIn">
<msg time="2026-03-30T14:39:47.863909" level="INFO">${available_date_in_current_month} = 2</msg>
<var>${available_date_in_current_month}</var>
<arg>${available_date_in_current_month}-1</arg>
<doc>Evaluates the given expression in Python and returns the result.</doc>
<status status="PASS" start="2026-03-30T14:39:47.863728" elapsed="0.000197"/>
</kw>
<if>
<branch type="IF" condition="${days_to_book}&lt;=${available_date_in_current_month}">
<kw name="Replace String" owner="String">
<var>${available_date_locator}</var>
<arg>${available_month_locator}</arg>
<arg>***index***</arg>
<arg>${available_date_in_current_month}</arg>
<doc>Replaces ``search_for`` in the given ``string`` with ``replace_with``.</doc>
<status status="NOT RUN" start="2026-03-30T14:39:47.864122" elapsed="0.000029"/>
</kw>
<kw name="Click element on screen" owner="common_web">
<arg>${available_date_locator}</arg>
<status status="NOT RUN" start="2026-03-30T14:39:47.864276" elapsed="0.000031"/>
</kw>
<status status="NOT RUN" start="2026-03-30T14:39:47.863978" elapsed="0.000351"/>
</branch>
<branch type="ELSE IF" condition="${days_to_book}&gt;${available_date_in_current_month}">
<kw name="Evaluate" owner="BuiltIn">
<msg time="2026-03-30T14:39:47.864648" level="INFO">${days_over} = 8</msg>
<var>${days_over}</var>
<arg>${days_to_book}-${available_date_in_current_month}</arg>
<doc>Evaluates the given expression in Python and returns the result.</doc>
<status status="PASS" start="2026-03-30T14:39:47.864485" elapsed="0.000178"/>
</kw>
<kw name="Get right month on calendar" owner="common_web">
<kw name="Get text from element" owner="common_web">
<kw name="Check if element display" owner="common_web">
<kw name="Wait For Elements State" owner="Browser">
<msg time="2026-03-30T14:39:47.868449" level="INFO">Waited for Element with selector css=.date-text-right p at state visible</msg>
<arg>${locator}</arg>
<tag>PageContent</tag>
<tag>Wait</tag>
<doc>Waits for the element found by ``selector`` to satisfy state option.</doc>
<status status="PASS" start="2026-03-30T14:39:47.865301" elapsed="0.003212"/>
</kw>
<kw name="Scroll To Element" owner="Browser">
<arg>${locator}</arg>
<tag>PageContent</tag>
<tag>Setter</tag>
<doc>This method waits for actionability checks, then tries to scroll element into view,
unless it is completely visible.</doc>
<status status="PASS" start="2026-03-30T14:39:47.868640" elapsed="0.031037"/>
</kw>
<arg>${locator}</arg>
<status status="PASS" start="2026-03-30T14:39:47.865142" elapsed="0.034644"/>
</kw>
<kw name="Get Text" owner="Browser">
<msg time="2026-03-30T14:39:47.903828" level="INFO">Text: 'April 2026'</msg>
<msg time="2026-03-30T14:39:47.903897" level="INFO">${text} = April 2026</msg>
<var>${text}</var>
<arg>${locator}</arg>
<tag>Assertion</tag>
<tag>Getter</tag>
<tag>PageContent</tag>
<doc>Returns text attribute of the element found by ``selector``.</doc>
<status status="PASS" start="2026-03-30T14:39:47.899907" elapsed="0.004007"/>
</kw>
<return>
<value>${text}</value>
<status status="PASS" start="2026-03-30T14:39:47.903967" elapsed="0.000060"/>
</return>
<msg time="2026-03-30T14:39:47.904110" level="INFO">${right_month} = April 2026</msg>
<var>${right_month}</var>
<arg>${calendar_modal}[lbl_month_right]</arg>
<status status="PASS" start="2026-03-30T14:39:47.864957" elapsed="0.039170"/>
</kw>
<return>
<value>${right_month}</value>
<status status="PASS" start="2026-03-30T14:39:47.904162" elapsed="0.000037"/>
</return>
<msg time="2026-03-30T14:39:47.904268" level="INFO">${next_month_text} = April 2026</msg>
<var>${next_month_text}</var>
<status status="PASS" start="2026-03-30T14:39:47.864776" elapsed="0.039508"/>
</kw>
<kw name="Replace String" owner="String">
<msg time="2026-03-30T14:39:47.904562" level="INFO">${available_month_locator} = css=.rdrMonth:has-text("April 2026") .rdrDay:nth-child(***index*** of :not(.rdrDayDisabled):not(.invisible))</msg>
<var>${available_month_locator}</var>
<arg>${calendar_modal}[btn_available_date_by_index]</arg>
<arg>***month***</arg>
<arg>${next_month_text}</arg>
<doc>Replaces ``search_for`` in the given ``string`` with ``replace_with``.</doc>
<status status="PASS" start="2026-03-30T14:39:47.904391" elapsed="0.000188"/>
</kw>
<kw name="Replace String" owner="String">
<msg time="2026-03-30T14:39:47.904829" level="INFO">${available_date_locator} = css=.rdrMonth:has-text("April 2026") .rdrDay:nth-child(8 of :not(.rdrDayDisabled):not(.invisible))</msg>
<var>${available_date_locator}</var>
<arg>${available_month_locator}</arg>
<arg>***index***</arg>
<arg>${days_over}</arg>
<doc>Replaces ``search_for`` in the given ``string`` with ``replace_with``.</doc>
<status status="PASS" start="2026-03-30T14:39:47.904688" elapsed="0.000158"/>
</kw>
<kw name="Click element on screen" owner="common_web">
<kw name="Check if element display" owner="common_web">
<kw name="Wait For Elements State" owner="Browser">
<msg time="2026-03-30T14:39:47.907733" level="INFO">Waited for Element with selector css=.rdrMonth:has-text("April 2026") .rdrDay:nth-child(8 of :not(.rdrDayDisabled):not(.invisible)) at state visible</msg>
<arg>${locator}</arg>
<tag>PageContent</tag>
<tag>Wait</tag>
<doc>Waits for the element found by ``selector`` to satisfy state option.</doc>
<status status="PASS" start="2026-03-30T14:39:47.905377" elapsed="0.002411"/>
</kw>
<kw name="Scroll To Element" owner="Browser">
<arg>${locator}</arg>
<tag>PageContent</tag>
<tag>Setter</tag>
<doc>This method waits for actionability checks, then tries to scroll element into view,
unless it is completely visible.</doc>
<status status="PASS" start="2026-03-30T14:39:47.907903" elapsed="0.024887"/>
</kw>
<arg>${locator}</arg>
<status status="PASS" start="2026-03-30T14:39:47.905199" elapsed="0.027654"/>
</kw>
<kw name="Click" owner="Browser">
<msg time="2026-03-30T14:39:47.933204" level="INFO">Clicks the element 'css=.rdrMonth:has-text("April 2026") .rdrDay:nth-child(8 of :not(.rdrDayDisabled):not(.invisible))'.</msg>
<arg>${locator}</arg>
<tag>PageContent</tag>
<tag>Setter</tag>
<doc>Simulates mouse click on the element found by ``selector``.</doc>
<status status="PASS" start="2026-03-30T14:39:47.932969" elapsed="0.073440"/>
</kw>
<arg>${available_date_locator}</arg>
<status status="PASS" start="2026-03-30T14:39:47.904982" elapsed="0.101616"/>
</kw>
<status status="PASS" start="2026-03-30T14:39:47.864352" elapsed="0.142281"/>
</branch>
<status status="PASS" start="2026-03-30T14:39:47.863964" elapsed="0.142706"/>
</if>
<arg>${TC_HOTELS_001}[days_to_book]</arg>
<status status="PASS" start="2026-03-30T14:39:37.627063" elapsed="10.379640"/>
</kw>
<kw name="Click guests and rooms section" owner="hotels_page">
<kw name="Click element on screen" owner="common_web">
<kw name="Check if element display" owner="common_web">
<kw name="Wait For Elements State" owner="Browser">
<msg time="2026-03-30T14:39:48.010510" level="INFO">Waited for Element with selector css=[for="hotel-search-traveler"] at state visible</msg>
<arg>${locator}</arg>
<tag>PageContent</tag>
<tag>Wait</tag>
<doc>Waits for the element found by ``selector`` to satisfy state option.</doc>
<status status="PASS" start="2026-03-30T14:39:48.007708" elapsed="0.002877"/>
</kw>
<kw name="Scroll To Element" owner="Browser">
<arg>${locator}</arg>
<tag>PageContent</tag>
<tag>Setter</tag>
<doc>This method waits for actionability checks, then tries to scroll element into view,
unless it is completely visible.</doc>
<status status="PASS" start="2026-03-30T14:39:48.010725" elapsed="0.022403"/>
</kw>
<arg>${locator}</arg>
<status status="PASS" start="2026-03-30T14:39:48.007506" elapsed="0.025724"/>
</kw>
<kw name="Click" owner="Browser">
<msg time="2026-03-30T14:39:48.033690" level="INFO">Clicks the element 'css=[for="hotel-search-traveler"]'.</msg>
<arg>${locator}</arg>
<tag>PageContent</tag>
<tag>Setter</tag>
<doc>Simulates mouse click on the element found by ``selector``.</doc>
<status status="PASS" start="2026-03-30T14:39:48.033377" elapsed="0.227210"/>
</kw>
<arg>${hotels_search_section}[btn_guests_and_rooms]</arg>
<status status="PASS" start="2026-03-30T14:39:48.007262" elapsed="0.253461"/>
</kw>
<status status="PASS" start="2026-03-30T14:39:48.006965" elapsed="0.253809"/>
</kw>
<kw name="Adjust rooms amount to" owner="hotels_feature">
<kw name="Get rooms amount" owner="hotels_page">
<kw name="Get text from element" owner="common_web">
<kw name="Check if element display" owner="common_web">
<kw name="Wait For Elements State" owner="Browser">
<msg time="2026-03-30T14:39:48.265196" level="INFO">Waited for Element with selector css=[role="menuitem"]:has(div:text-is("Rooms")) button:text-is("-") + div at state visible</msg>
<arg>${locator}</arg>
<tag>PageContent</tag>
<tag>Wait</tag>
<doc>Waits for the element found by ``selector`` to satisfy state option.</doc>
<status status="PASS" start="2026-03-30T14:39:48.262046" elapsed="0.003223"/>
</kw>
<kw name="Scroll To Element" owner="Browser">
<arg>${locator}</arg>
<tag>PageContent</tag>
<tag>Setter</tag>
<doc>This method waits for actionability checks, then tries to scroll element into view,
unless it is completely visible.</doc>
<status status="PASS" start="2026-03-30T14:39:48.265425" elapsed="0.118007"/>
</kw>
<arg>${locator}</arg>
<status status="PASS" start="2026-03-30T14:39:48.261865" elapsed="0.121717"/>
</kw>
<kw name="Get Text" owner="Browser">
<msg time="2026-03-30T14:39:48.390673" level="INFO">Text: '1'</msg>
<msg time="2026-03-30T14:39:48.390800" level="INFO">${text} = 1</msg>
<var>${text}</var>
<arg>${locator}</arg>
<tag>Assertion</tag>
<tag>Getter</tag>
<tag>PageContent</tag>
<doc>Returns text attribute of the element found by ``selector``.</doc>
<status status="PASS" start="2026-03-30T14:39:48.383818" elapsed="0.007018"/>
</kw>
<return>
<value>${text}</value>
<status status="PASS" start="2026-03-30T14:39:48.390920" elapsed="0.000094"/>
</return>
<msg time="2026-03-30T14:39:48.391139" level="INFO">${room_amount} = 1</msg>
<var>${room_amount}</var>
<arg>${guests_and_rooms_modal}[lbl_rooms_amount]</arg>
<status status="PASS" start="2026-03-30T14:39:48.261660" elapsed="0.129503"/>
</kw>
<return>
<value>${room_amount}</value>
<status status="PASS" start="2026-03-30T14:39:48.391215" elapsed="0.000058"/>
</return>
<msg time="2026-03-30T14:39:48.391373" level="INFO">${rooms_amount} = 1</msg>
<var>${rooms_amount}</var>
<status status="PASS" start="2026-03-30T14:39:48.261459" elapsed="0.129937"/>
</kw>
<if>
<branch type="IF" condition="${rooms_amount} &lt; ${target_rooms_amount}">
<kw name="Evaluate" owner="BuiltIn">
<msg time="2026-03-30T14:39:48.392113" level="INFO">${adjust_amount} = 1</msg>
<var>${adjust_amount}</var>
<arg>${target_rooms_amount}-${rooms_amount}</arg>
<doc>Evaluates the given expression in Python and returns the result.</doc>
<status status="PASS" start="2026-03-30T14:39:48.391795" elapsed="0.000342"/>
</kw>
<for flavor="IN RANGE">
<iter>
<kw name="Click increase button on rooms amount" owner="hotels_page">
<kw name="Click element on screen" owner="common_web">
<kw name="Check if element display" owner="common_web">
<kw name="Wait For Elements State" owner="Browser">
<msg time="2026-03-30T14:39:48.396526" level="INFO">Waited for Element with selector css=[role="menuitem"]:has(div:text-is("Rooms")) button:text-is("+") at state visible</msg>
<arg>${locator}</arg>
<tag>PageContent</tag>
<tag>Wait</tag>
<doc>Waits for the element found by ``selector`` to satisfy state option.</doc>
<status status="PASS" start="2026-03-30T14:39:48.393364" elapsed="0.003235"/>
</kw>
<kw name="Scroll To Element" owner="Browser">
<arg>${locator}</arg>
<tag>PageContent</tag>
<tag>Setter</tag>
<doc>This method waits for actionability checks, then tries to scroll element into view,
unless it is completely visible.</doc>
<status status="PASS" start="2026-03-30T14:39:48.396759" elapsed="0.036274"/>
</kw>
<arg>${locator}</arg>
<status status="PASS" start="2026-03-30T14:39:48.393103" elapsed="0.040037"/>
</kw>
<kw name="Click" owner="Browser">
<msg time="2026-03-30T14:39:48.433701" level="INFO">Clicks the element 'css=[role="menuitem"]:has(div:text-is("Rooms")) button:text-is("+")'.</msg>
<arg>${locator}</arg>
<tag>PageContent</tag>
<tag>Setter</tag>
<doc>Simulates mouse click on the element found by ``selector``.</doc>
<status status="PASS" start="2026-03-30T14:39:48.433322" elapsed="0.044917"/>
</kw>
<arg>${guests_and_rooms_modal}[btn_rooms_increase]</arg>
<status status="PASS" start="2026-03-30T14:39:48.392809" elapsed="0.085547"/>
</kw>
<status status="PASS" start="2026-03-30T14:39:48.392528" elapsed="0.085886"/>
</kw>
<var name="${i}">0</var>
<status status="PASS" start="2026-03-30T14:39:48.392338" elapsed="0.086113"/>
</iter>
<var>${i}</var>
<value>${adjust_amount}</value>
<status status="PASS" start="2026-03-30T14:39:48.392198" elapsed="0.086302"/>
</for>
<status status="PASS" start="2026-03-30T14:39:48.391523" elapsed="0.087029"/>
</branch>
<branch type="ELSE IF" condition="${rooms_amount} &gt; ${target_rooms_amount}">
<kw name="Evaluate" owner="BuiltIn">
<var>${adjust_amount}</var>
<arg>${rooms_amount}-${target_rooms_amount}</arg>
<doc>Evaluates the given expression in Python and returns the result.</doc>
<status status="NOT RUN" start="2026-03-30T14:39:48.478841" elapsed="0.000059"/>
</kw>
<for flavor="IN RANGE">
<iter>
<kw name="Click decrease button on rooms amount" owner="hotels_page">
<status status="NOT RUN" start="2026-03-30T14:39:48.479219" elapsed="0.000050"/>
</kw>
<var name="${i}"/>
<status status="NOT RUN" start="2026-03-30T14:39:48.479037" elapsed="0.000267"/>
</iter>
<var>${i}</var>
<value>${adjust_amount}</value>
<status status="NOT RUN" start="2026-03-30T14:39:48.478957" elapsed="0.000380"/>
</for>
<status status="NOT RUN" start="2026-03-30T14:39:48.478590" elapsed="0.000787"/>
</branch>
<branch type="ELSE">
<kw name="No Operation" owner="BuiltIn">
<doc>Does absolutely nothing.</doc>
<status status="NOT RUN" start="2026-03-30T14:39:48.479547" elapsed="0.000042"/>
</kw>
<status status="NOT RUN" start="2026-03-30T14:39:48.479407" elapsed="0.000217"/>
</branch>
<status status="PASS" start="2026-03-30T14:39:48.391505" elapsed="0.088147"/>
</if>
<arg>${TC_HOTELS_001}[rooms_amount]</arg>
<status status="PASS" start="2026-03-30T14:39:48.261114" elapsed="0.218580"/>
</kw>
<kw name="Adjust adults amount to" owner="hotels_feature">
<kw name="Get adults amount" owner="hotels_page">
<kw name="Get text from element" owner="common_web">
<kw name="Check if element display" owner="common_web">
<kw name="Wait For Elements State" owner="Browser">
<msg time="2026-03-30T14:39:48.485381" level="INFO">Waited for Element with selector css=[role="menuitem"]:has(div:text-is("Adults")) button:text-is("-") + div at state visible</msg>
<arg>${locator}</arg>
<tag>PageContent</tag>
<tag>Wait</tag>
<doc>Waits for the element found by ``selector`` to satisfy state option.</doc>
<status status="PASS" start="2026-03-30T14:39:48.481227" elapsed="0.004249"/>
</kw>
<kw name="Scroll To Element" owner="Browser">
<arg>${locator}</arg>
<tag>PageContent</tag>
<tag>Setter</tag>
<doc>This method waits for actionability checks, then tries to scroll element into view,
unless it is completely visible.</doc>
<status status="PASS" start="2026-03-30T14:39:48.485679" elapsed="0.030693"/>
</kw>
<arg>${locator}</arg>
<status status="PASS" start="2026-03-30T14:39:48.480953" elapsed="0.035542"/>
</kw>
<kw name="Get Text" owner="Browser">
<msg time="2026-03-30T14:39:48.522357" level="INFO">Text: '2'</msg>
<msg time="2026-03-30T14:39:48.522463" level="INFO">${text} = 2</msg>
<var>${text}</var>
<arg>${locator}</arg>
<tag>Assertion</tag>
<tag>Getter</tag>
<tag>PageContent</tag>
<doc>Returns text attribute of the element found by ``selector``.</doc>
<status status="PASS" start="2026-03-30T14:39:48.516682" elapsed="0.005805"/>
</kw>
<return>
<value>${text}</value>
<status status="PASS" start="2026-03-30T14:39:48.522559" elapsed="0.000081"/>
</return>
<msg time="2026-03-30T14:39:48.522759" level="INFO">${adults_amount} = 2</msg>
<var>${adults_amount}</var>
<arg>${guests_and_rooms_modal}[lbl_adults_amount]</arg>
<status status="PASS" start="2026-03-30T14:39:48.480660" elapsed="0.042122"/>
</kw>
<return>
<value>${adults_amount}</value>
<status status="PASS" start="2026-03-30T14:39:48.522835" elapsed="0.000065"/>
</return>
<msg time="2026-03-30T14:39:48.522999" level="INFO">${adults_amount} = 2</msg>
<var>${adults_amount}</var>
<status status="PASS" start="2026-03-30T14:39:48.480376" elapsed="0.042645"/>
</kw>
<if>
<branch type="IF" condition="${adults_amount} &lt; ${target_adults_amount}">
<kw name="Evaluate" owner="BuiltIn">
<msg time="2026-03-30T14:39:48.523663" level="INFO">${adjust_amount} = 2</msg>
<var>${adjust_amount}</var>
<arg>${target_adults_amount}-${adults_amount}</arg>
<doc>Evaluates the given expression in Python and returns the result.</doc>
<status status="PASS" start="2026-03-30T14:39:48.523342" elapsed="0.000346"/>
</kw>
<for flavor="IN RANGE">
<iter>
<kw name="Click increase button on adults amount" owner="hotels_page">
<kw name="Click element on screen" owner="common_web">
<kw name="Check if element display" owner="common_web">
<kw name="Wait For Elements State" owner="Browser">
<msg time="2026-03-30T14:39:48.527725" level="INFO">Waited for Element with selector css=[role="menuitem"]:has(div:text-is("Adults")) button:text-is("+") at state visible</msg>
<arg>${locator}</arg>
<tag>PageContent</tag>
<tag>Wait</tag>
<doc>Waits for the element found by ``selector`` to satisfy state option.</doc>
<status status="PASS" start="2026-03-30T14:39:48.524902" elapsed="0.002898"/>
</kw>
<kw name="Scroll To Element" owner="Browser">
<arg>${locator}</arg>
<tag>PageContent</tag>
<tag>Setter</tag>
<doc>This method waits for actionability checks, then tries to scroll element into view,
unless it is completely visible.</doc>
<status status="PASS" start="2026-03-30T14:39:48.527959" elapsed="0.021638"/>
</kw>
<arg>${locator}</arg>
<status status="PASS" start="2026-03-30T14:39:48.524647" elapsed="0.025038"/>
</kw>
<kw name="Click" owner="Browser">
<msg time="2026-03-30T14:39:48.550151" level="INFO">Clicks the element 'css=[role="menuitem"]:has(div:text-is("Adults")) button:text-is("+")'.</msg>
<arg>${locator}</arg>
<tag>PageContent</tag>
<tag>Setter</tag>
<doc>Simulates mouse click on the element found by ``selector``.</doc>
<status status="PASS" start="2026-03-30T14:39:48.549840" elapsed="0.041263"/>
</kw>
<arg>${guests_and_rooms_modal}[btn_adults_increase]</arg>
<status status="PASS" start="2026-03-30T14:39:48.524346" elapsed="0.066861"/>
</kw>
<status status="PASS" start="2026-03-30T14:39:48.524073" elapsed="0.067239"/>
</kw>
<var name="${i}">0</var>
<status status="PASS" start="2026-03-30T14:39:48.523885" elapsed="0.067464"/>
</iter>
<iter>
<kw name="Click increase button on adults amount" owner="hotels_page">
<kw name="Click element on screen" owner="common_web">
<kw name="Check if element display" owner="common_web">
<kw name="Wait For Elements State" owner="Browser">
<msg time="2026-03-30T14:39:48.595799" level="INFO">Waited for Element with selector css=[role="menuitem"]:has(div:text-is("Adults")) button:text-is("+") at state visible</msg>
<arg>${locator}</arg>
<tag>PageContent</tag>
<tag>Wait</tag>
<doc>Waits for the element found by ``selector`` to satisfy state option.</doc>
<status status="PASS" start="2026-03-30T14:39:48.592599" elapsed="0.003274"/>
</kw>
<kw name="Scroll To Element" owner="Browser">
<arg>${locator}</arg>
<tag>PageContent</tag>
<tag>Setter</tag>
<doc>This method waits for actionability checks, then tries to scroll element into view,
unless it is completely visible.</doc>
<status status="PASS" start="2026-03-30T14:39:48.596029" elapsed="0.037090"/>
</kw>
<arg>${locator}</arg>
<status status="PASS" start="2026-03-30T14:39:48.592331" elapsed="0.040904"/>
</kw>
<kw name="Click" owner="Browser">
<msg time="2026-03-30T14:39:48.633832" level="INFO">Clicks the element 'css=[role="menuitem"]:has(div:text-is("Adults")) button:text-is("+")'.</msg>
<arg>${locator}</arg>
<tag>PageContent</tag>
<tag>Setter</tag>
<doc>Simulates mouse click on the element found by ``selector``.</doc>
<status status="PASS" start="2026-03-30T14:39:48.633429" elapsed="0.040951"/>
</kw>
<arg>${guests_and_rooms_modal}[btn_adults_increase]</arg>
<status status="PASS" start="2026-03-30T14:39:48.592013" elapsed="0.082504"/>
</kw>
<status status="PASS" start="2026-03-30T14:39:48.591706" elapsed="0.082894"/>
</kw>
<var name="${i}">1</var>
<status status="PASS" start="2026-03-30T14:39:48.591463" elapsed="0.083180"/>
</iter>
<var>${i}</var>
<value>${adjust_amount}</value>
<status status="PASS" start="2026-03-30T14:39:48.523747" elapsed="0.150951"/>
</for>
<status status="PASS" start="2026-03-30T14:39:48.523092" elapsed="0.151663"/>
</branch>
<branch type="ELSE IF" condition="${adults_amount} &gt; ${target_adults_amount}">
<kw name="Evaluate" owner="BuiltIn">
<var>${adjust_amount}</var>
<arg>${adults_amount}-${target_adults_amount}</arg>
<doc>Evaluates the given expression in Python and returns the result.</doc>
<status status="NOT RUN" start="2026-03-30T14:39:48.675043" elapsed="0.000065"/>
</kw>
<for flavor="IN RANGE">
<iter>
<kw name="Click decrease button on adults amount" owner="hotels_page">
<status status="NOT RUN" start="2026-03-30T14:39:48.675465" elapsed="0.000059"/>
</kw>
<var name="${i}"/>
<status status="NOT RUN" start="2026-03-30T14:39:48.675263" elapsed="0.000299"/>
</iter>
<var>${i}</var>
<value>${adjust_amount}</value>
<status status="NOT RUN" start="2026-03-30T14:39:48.675172" elapsed="0.000429"/>
</for>
<status status="NOT RUN" start="2026-03-30T14:39:48.674797" elapsed="0.000849"/>
</branch>
<branch type="ELSE">
<kw name="No Operation" owner="BuiltIn">
<doc>Does absolutely nothing.</doc>
<status status="NOT RUN" start="2026-03-30T14:39:48.675843" elapsed="0.000047"/>
</kw>
<status status="NOT RUN" start="2026-03-30T14:39:48.675681" elapsed="0.000246"/>
</branch>
<status status="PASS" start="2026-03-30T14:39:48.523076" elapsed="0.152883"/>
</if>
<arg>${TC_HOTELS_001}[adults_amount]</arg>
<status status="PASS" start="2026-03-30T14:39:48.480010" elapsed="0.195994"/>
</kw>
<kw name="Adjust children amount and select age" owner="hotels_feature">
<kw name="Get children amount" owner="hotels_page">
<kw name="Get text from element" owner="common_web">
<kw name="Check if element display" owner="common_web">
<kw name="Wait For Elements State" owner="Browser">
<msg time="2026-03-30T14:39:48.681200" level="INFO">Waited for Element with selector css=[role="menuitem"]:has(div:text-is("Children")) button:text-is("-") + div at state visible</msg>
<arg>${locator}</arg>
<tag>PageContent</tag>
<tag>Wait</tag>
<doc>Waits for the element found by ``selector`` to satisfy state option.</doc>
<status status="PASS" start="2026-03-30T14:39:48.677652" elapsed="0.003624"/>
</kw>
<kw name="Scroll To Element" owner="Browser">
<arg>${locator}</arg>
<tag>PageContent</tag>
<tag>Setter</tag>
<doc>This method waits for actionability checks, then tries to scroll element into view,
unless it is completely visible.</doc>
<status status="PASS" start="2026-03-30T14:39:48.681445" elapsed="0.035101"/>
</kw>
<arg>${locator}</arg>
<status status="PASS" start="2026-03-30T14:39:48.677365" elapsed="0.039296"/>
</kw>
<kw name="Get Text" owner="Browser">
<msg time="2026-03-30T14:39:48.722965" level="INFO">Text: '0'</msg>
<msg time="2026-03-30T14:39:48.723077" level="INFO">${text} = 0</msg>
<var>${text}</var>
<arg>${locator}</arg>
<tag>Assertion</tag>
<tag>Getter</tag>
<tag>PageContent</tag>
<doc>Returns text attribute of the element found by ``selector``.</doc>
<status status="PASS" start="2026-03-30T14:39:48.716874" elapsed="0.006231"/>
</kw>
<return>
<value>${text}</value>
<status status="PASS" start="2026-03-30T14:39:48.723189" elapsed="0.000098"/>
</return>
<msg time="2026-03-30T14:39:48.723422" level="INFO">${children_amount} = 0</msg>
<var>${children_amount}</var>
<arg>${guests_and_rooms_modal}[lbl_children_amount]</arg>
<status status="PASS" start="2026-03-30T14:39:48.677040" elapsed="0.046409"/>
</kw>
<return>
<value>${children_amount}</value>
<status status="PASS" start="2026-03-30T14:39:48.723503" elapsed="0.000066"/>
</return>
<msg time="2026-03-30T14:39:48.723679" level="INFO">${children_amount} = 0</msg>
<var>${children_amount}</var>
<status status="PASS" start="2026-03-30T14:39:48.676747" elapsed="0.046956"/>
</kw>
<if>
<branch type="IF" condition="${children_amount} &lt; ${target_children_amount}">
<kw name="Evaluate" owner="BuiltIn">
<msg time="2026-03-30T14:39:48.724386" level="INFO">${adjust_amount} = 2</msg>
<var>${adjust_amount}</var>
<arg>${target_children_amount}-${children_amount}</arg>
<doc>Evaluates the given expression in Python and returns the result.</doc>
<status status="PASS" start="2026-03-30T14:39:48.724053" elapsed="0.000359"/>
</kw>
<for flavor="IN RANGE">
<iter>
<kw name="Click increase button on children amount" owner="hotels_page">
<kw name="Click element on screen" owner="common_web">
<kw name="Check if element display" owner="common_web">
<kw name="Wait For Elements State" owner="Browser">
<msg time="2026-03-30T14:39:48.728575" level="INFO">Waited for Element with selector css=[role="menuitem"]:has(div:text-is("Children")) button:text-is("+") at state visible</msg>
<arg>${locator}</arg>
<tag>PageContent</tag>
<tag>Wait</tag>
<doc>Waits for the element found by ``selector`` to satisfy state option.</doc>
<status status="PASS" start="2026-03-30T14:39:48.725681" elapsed="0.002965"/>
</kw>
<kw name="Scroll To Element" owner="Browser">
<arg>${locator}</arg>
<tag>PageContent</tag>
<tag>Setter</tag>
<doc>This method waits for actionability checks, then tries to scroll element into view,
unless it is completely visible.</doc>
<status status="PASS" start="2026-03-30T14:39:48.728808" elapsed="0.020843"/>
</kw>
<arg>${locator}</arg>
<status status="PASS" start="2026-03-30T14:39:48.725430" elapsed="0.024313"/>
</kw>
<kw name="Click" owner="Browser">
<msg time="2026-03-30T14:39:48.750246" level="INFO">Clicks the element 'css=[role="menuitem"]:has(div:text-is("Children")) button:text-is("+")'.</msg>
<arg>${locator}</arg>
<tag>PageContent</tag>
<tag>Setter</tag>
<doc>Simulates mouse click on the element found by ``selector``.</doc>
<status status="PASS" start="2026-03-30T14:39:48.749909" elapsed="0.049288"/>
</kw>
<arg>${guests_and_rooms_modal}[btn_children_increase]</arg>
<status status="PASS" start="2026-03-30T14:39:48.725131" elapsed="0.074185"/>
</kw>
<status status="PASS" start="2026-03-30T14:39:48.724825" elapsed="0.074545"/>
</kw>
<var name="${i}">0</var>
<status status="PASS" start="2026-03-30T14:39:48.724627" elapsed="0.074777"/>
</iter>
<iter>
<kw name="Click increase button on children amount" owner="hotels_page">
<kw name="Click element on screen" owner="common_web">
<kw name="Check if element display" owner="common_web">
<kw name="Wait For Elements State" owner="Browser">
<msg time="2026-03-30T14:39:48.824218" level="INFO">Waited for Element with selector css=[role="menuitem"]:has(div:text-is("Children")) button:text-is("+") at state visible</msg>
<arg>${locator}</arg>
<tag>PageContent</tag>
<tag>Wait</tag>
<doc>Waits for the element found by ``selector`` to satisfy state option.</doc>
<status status="PASS" start="2026-03-30T14:39:48.801958" elapsed="0.022552"/>
</kw>
<kw name="Scroll To Element" owner="Browser">
<arg>${locator}</arg>
<tag>PageContent</tag>
<tag>Setter</tag>
<doc>This method waits for actionability checks, then tries to scroll element into view,
unless it is completely visible.</doc>
<status status="PASS" start="2026-03-30T14:39:48.825046" elapsed="0.024636"/>
</kw>
<arg>${locator}</arg>
<status status="PASS" start="2026-03-30T14:39:48.800778" elapsed="0.049001"/>
</kw>
<kw name="Click" owner="Browser">
<msg time="2026-03-30T14:39:48.850275" level="INFO">Clicks the element 'css=[role="menuitem"]:has(div:text-is("Children")) button:text-is("+")'.</msg>
<arg>${locator}</arg>
<tag>PageContent</tag>
<tag>Setter</tag>
<doc>Simulates mouse click on the element found by ``selector``.</doc>
<status status="PASS" start="2026-03-30T14:39:48.849945" elapsed="0.044406"/>
</kw>
<arg>${guests_and_rooms_modal}[btn_children_increase]</arg>
<status status="PASS" start="2026-03-30T14:39:48.800352" elapsed="0.094109"/>
</kw>
<status status="PASS" start="2026-03-30T14:39:48.799942" elapsed="0.094568"/>
</kw>
<var name="${i}">1</var>
<status status="PASS" start="2026-03-30T14:39:48.799583" elapsed="0.094959"/>
</iter>
<var>${i}</var>
<value>${adjust_amount}</value>
<status status="PASS" start="2026-03-30T14:39:48.724477" elapsed="0.170109"/>
</for>
<status status="PASS" start="2026-03-30T14:39:48.723780" elapsed="0.170849"/>
</branch>
<branch type="ELSE IF" condition="${children_amount} &gt; ${target_children_amount}">
<kw name="Evaluate" owner="BuiltIn">
<var>${adjust_amount}</var>
<arg>${children_amount}-${target_children_amount}</arg>
<doc>Evaluates the given expression in Python and returns the result.</doc>
<status status="NOT RUN" start="2026-03-30T14:39:48.894874" elapsed="0.000051"/>
</kw>
<for flavor="IN RANGE">
<iter>
<kw name="Click decrease button on children amount" owner="hotels_page">
<status status="NOT RUN" start="2026-03-30T14:39:48.895206" elapsed="0.000045"/>
</kw>
<var name="${i}"/>
<status status="NOT RUN" start="2026-03-30T14:39:48.895044" elapsed="0.000237"/>
</iter>
<var>${i}</var>
<value>${adjust_amount}</value>
<status status="NOT RUN" start="2026-03-30T14:39:48.894976" elapsed="0.000335"/>
</for>
<status status="NOT RUN" start="2026-03-30T14:39:48.894662" elapsed="0.000684"/>
</branch>
<branch type="ELSE">
<kw name="No Operation" owner="BuiltIn">
<doc>Does absolutely nothing.</doc>
<status status="NOT RUN" start="2026-03-30T14:39:48.895495" elapsed="0.000038"/>
</kw>
<status status="NOT RUN" start="2026-03-30T14:39:48.895372" elapsed="0.000190"/>
</branch>
<status status="PASS" start="2026-03-30T14:39:48.723762" elapsed="0.171824"/>
</if>
<arg>${TC_HOTELS_001}[children_amount]</arg>
<status status="PASS" start="2026-03-30T14:39:48.676353" elapsed="0.219269"/>
</kw>
<kw name="Select children age" owner="hotels_feature">
<kw name="Wait Until Keyword Succeeds" owner="BuiltIn">
<kw name="Click children age selection and recheck age list display" owner="hotels_feature">
<kw name="check if confirm button on guests and rooms section display" owner="hotels_page">
<kw name="Check if element display" owner="common_web">
<kw name="Wait For Elements State" owner="Browser">
<msg time="2026-03-30T14:39:48.901133" level="INFO">Waited for Element with selector css=button:text-is("Confirm") at state visible</msg>
<arg>${locator}</arg>
<tag>PageContent</tag>
<tag>Wait</tag>
<doc>Waits for the element found by ``selector`` to satisfy state option.</doc>
<status status="PASS" start="2026-03-30T14:39:48.897389" elapsed="0.003837"/>
</kw>
<kw name="Scroll To Element" owner="Browser">
<arg>${locator}</arg>
<tag>PageContent</tag>
<tag>Setter</tag>
<doc>This method waits for actionability checks, then tries to scroll element into view,
unless it is completely visible.</doc>
<status status="PASS" start="2026-03-30T14:39:48.901396" elapsed="0.031582"/>
</kw>
<arg>${guests_and_rooms_modal}[btn_confirm]</arg>
<status status="PASS" start="2026-03-30T14:39:48.897158" elapsed="0.035907"/>
</kw>
<status status="PASS" start="2026-03-30T14:39:48.896946" elapsed="0.036169"/>
</kw>
<kw name="Click children age selection" owner="hotels_page">
<kw name="Replace String" owner="String">
<msg time="2026-03-30T14:39:48.933856" level="INFO">${children_age_locator} = css=.selector-child-age .flex:has(p:has-text("Child"):has-text("1")) button</msg>
<var>${children_age_locator}</var>
<arg>${guests_and_rooms_modal}[ddl_children_age_dropdown]</arg>
<arg>***index***</arg>
<arg>${child_index}</arg>
<doc>Replaces ``search_for`` in the given ``string`` with ``replace_with``.</doc>
<status status="PASS" start="2026-03-30T14:39:48.933631" elapsed="0.000250"/>
</kw>
<kw name="Click element on screen" owner="common_web">
<kw name="Check if element display" owner="common_web">
<kw name="Wait For Elements State" owner="Browser">
<msg time="2026-03-30T14:39:48.938184" level="INFO">Waited for Element with selector css=.selector-child-age .flex:has(p:has-text("Child"):has-text("1")) button at state visible</msg>
<arg>${locator}</arg>
<tag>PageContent</tag>
<tag>Wait</tag>
<doc>Waits for the element found by ``selector`` to satisfy state option.</doc>
<status status="PASS" start="2026-03-30T14:39:48.934553" elapsed="0.003704"/>
</kw>
<kw name="Scroll To Element" owner="Browser">
<arg>${locator}</arg>
<tag>PageContent</tag>
<tag>Setter</tag>
<doc>This method waits for actionability checks, then tries to scroll element into view,
unless it is completely visible.</doc>
<status status="PASS" start="2026-03-30T14:39:48.938405" elapsed="0.221049"/>
</kw>
<arg>${locator}</arg>
<status status="PASS" start="2026-03-30T14:39:48.934317" elapsed="0.225335"/>
</kw>
<kw name="Click" owner="Browser">
<msg time="2026-03-30T14:39:49.160522" level="INFO">Clicks the element 'css=.selector-child-age .flex:has(p:has-text("Child"):has-text("1")) button'.</msg>
<arg>${locator}</arg>
<tag>PageContent</tag>
<tag>Setter</tag>
[...]
<msg time="2026-03-30T14:40:13.767396" level="INFO">Clicks the element 'css=#CREDIT_RADIO'.</msg>
<arg>${locator}</arg>
<tag>PageContent</tag>
<tag>Setter</tag>
<doc>Simulates mouse click on the element found by ``selector``.</doc>
<status status="PASS" start="2026-03-30T14:40:13.767017" elapsed="0.139391"/>
</kw>
<arg>${payment_method}[rdo_credit_card_method]</arg>
<status status="PASS" start="2026-03-30T14:40:13.717166" elapsed="0.189363"/>
</kw>
<status status="PASS" start="2026-03-30T14:40:13.716588" elapsed="0.189987"/>
</kw>
<kw name="Input credit card information" owner="payment_feature">
<kw name="Run Keyword And Return Status" owner="BuiltIn">
<kw name="Check if new credit card section display" owner="payment_page">
<kw name="Check if element display" owner="common_web">
<kw name="Wait For Elements State" owner="Browser">
<msg time="2026-03-30T14:40:14.094939" level="INFO">Waited for Element with selector css=#CREDITCARD_NEWCARD at state visible</msg>
<arg>${locator}</arg>
<tag>PageContent</tag>
<tag>Wait</tag>
<doc>Waits for the element found by ``selector`` to satisfy state option.</doc>
<status status="PASS" start="2026-03-30T14:40:13.909189" elapsed="0.185883"/>
</kw>
<kw name="Scroll To Element" owner="Browser">
<arg>${locator}</arg>
<tag>PageContent</tag>
<tag>Setter</tag>
<doc>This method waits for actionability checks, then tries to scroll element into view,
unless it is completely visible.</doc>
<status status="PASS" start="2026-03-30T14:40:14.095300" elapsed="0.156321"/>
</kw>
<arg>${credit_card_information}[txt_new_credit_card]</arg>
<status status="PASS" start="2026-03-30T14:40:13.908116" elapsed="0.343611"/>
</kw>
<status status="PASS" start="2026-03-30T14:40:13.907610" elapsed="0.344158"/>
</kw>
<msg time="2026-03-30T14:40:14.251841" level="INFO">${status} = True</msg>
<var>${status}</var>
<arg>payment_page.Check if new credit card section display</arg>
<doc>Runs the specified keyword and returns the status as a Boolean value.</doc>
<status status="PASS" start="2026-03-30T14:40:13.907314" elapsed="0.344548"/>
</kw>
<if>
<branch type="IF" condition="${status}==${False}">
<kw name="Select credit card as payment method" owner="payment_page">
<status status="NOT RUN" start="2026-03-30T14:40:14.252226" elapsed="0.000044"/>
</kw>
<status status="NOT RUN" start="2026-03-30T14:40:14.251933" elapsed="0.000361"/>
</branch>
<status status="PASS" start="2026-03-30T14:40:14.251913" elapsed="0.000406"/>
</if>
<kw name="Input card number in credit card payment method" owner="payment_page">
<kw name="Input in text field" owner="common_web">
<kw name="Check if element display" owner="common_web">
<kw name="Wait For Elements State" owner="Browser">
<msg time="2026-03-30T14:40:14.256527" level="INFO">Waited for Element with selector css=#card-number-creditcard input at state visible</msg>
<arg>${locator}</arg>
<tag>PageContent</tag>
<tag>Wait</tag>
<doc>Waits for the element found by ``selector`` to satisfy state option.</doc>
<status status="PASS" start="2026-03-30T14:40:14.253129" elapsed="0.003482"/>
</kw>
<kw name="Scroll To Element" owner="Browser">
<arg>${locator}</arg>
<tag>PageContent</tag>
<tag>Setter</tag>
<doc>This method waits for actionability checks, then tries to scroll element into view,
unless it is completely visible.</doc>
<status status="PASS" start="2026-03-30T14:40:14.256762" elapsed="0.027419"/>
</kw>
<arg>${locator}</arg>
<status status="PASS" start="2026-03-30T14:40:14.252892" elapsed="0.031411"/>
</kw>
<kw name="Fill Text" owner="Browser">
<msg time="2026-03-30T14:40:14.284866" level="INFO">Fills the text '4111111111111111' in the given field.</msg>
<arg>${locator}</arg>
<arg>${txt}</arg>
<tag>PageContent</tag>
<tag>Setter</tag>
<doc>Clears and fills the given ``txt`` into the text field found by ``selector``.</doc>
<status status="PASS" start="2026-03-30T14:40:14.284468" elapsed="0.006887"/>
</kw>
<arg>${credit_card_information}[txt_creadit_card_num]</arg>
<arg>${card_number}</arg>
<status status="PASS" start="2026-03-30T14:40:14.252665" elapsed="0.038790"/>
</kw>
<arg>${card_number}</arg>
<status status="PASS" start="2026-03-30T14:40:14.252423" elapsed="0.039079"/>
</kw>
<kw name="Input card holder name in credit card payment method" owner="payment_page">
<kw name="Input in text field" owner="common_web">
<kw name="Check if element display" owner="common_web">
<kw name="Wait For Elements State" owner="Browser">
<msg time="2026-03-30T14:40:14.299571" level="INFO">Waited for Element with selector css=#card_name_creditcard at state visible</msg>
<arg>${locator}</arg>
<tag>PageContent</tag>
<tag>Wait</tag>
<doc>Waits for the element found by ``selector`` to satisfy state option.</doc>
<status status="PASS" start="2026-03-30T14:40:14.293753" elapsed="0.006270"/>
</kw>
<kw name="Scroll To Element" owner="Browser">
<arg>${locator}</arg>
<tag>PageContent</tag>
<tag>Setter</tag>
<doc>This method waits for actionability checks, then tries to scroll element into view,
unless it is completely visible.</doc>
<status status="PASS" start="2026-03-30T14:40:14.300318" elapsed="0.036933"/>
</kw>
<arg>${locator}</arg>
<status status="PASS" start="2026-03-30T14:40:14.292863" elapsed="0.044502"/>
</kw>
<kw name="Fill Text" owner="Browser">
<msg time="2026-03-30T14:40:14.337927" level="INFO">Fills the text 'Test Automation' in the given field.</msg>
<arg>${locator}</arg>
<arg>${txt}</arg>
<tag>PageContent</tag>
<tag>Setter</tag>
<doc>Clears and fills the given ``txt`` into the text field found by ``selector``.</doc>
<status status="PASS" start="2026-03-30T14:40:14.337541" elapsed="0.010691"/>
</kw>
<arg>${credit_card_information}[txt_creadit_card_name]</arg>
<arg>${card_name}</arg>
<status status="PASS" start="2026-03-30T14:40:14.292366" elapsed="0.055982"/>
</kw>
<arg>${card_name}</arg>
<status status="PASS" start="2026-03-30T14:40:14.291923" elapsed="0.056473"/>
</kw>
<kw name="Input card expiry date in credit card payment method" owner="payment_page">
<kw name="Input in text field" owner="common_web">
<kw name="Check if element display" owner="common_web">
<kw name="Wait For Elements State" owner="Browser">
<msg time="2026-03-30T14:40:14.357345" level="INFO">Waited for Element with selector css=#expire_of_creditcard_creditcard at state visible</msg>
<arg>${locator}</arg>
<tag>PageContent</tag>
<tag>Wait</tag>
<doc>Waits for the element found by ``selector`` to satisfy state option.</doc>
<status status="PASS" start="2026-03-30T14:40:14.351618" elapsed="0.005838"/>
</kw>
<kw name="Scroll To Element" owner="Browser">
<arg>${locator}</arg>
<tag>PageContent</tag>
<tag>Setter</tag>
<doc>This method waits for actionability checks, then tries to scroll element into view,
unless it is completely visible.</doc>
<status status="PASS" start="2026-03-30T14:40:14.357643" elapsed="0.027015"/>
</kw>
<arg>${locator}</arg>
<status status="PASS" start="2026-03-30T14:40:14.351296" elapsed="0.033598"/>
</kw>
<kw name="Fill Text" owner="Browser">
<msg time="2026-03-30T14:40:14.385628" level="INFO">Fills the text '11/30' in the given field.</msg>
<arg>${locator}</arg>
<arg>${txt}</arg>
<tag>PageContent</tag>
<tag>Setter</tag>
<doc>Clears and fills the given ``txt`` into the text field found by ``selector``.</doc>
<status status="PASS" start="2026-03-30T14:40:14.385074" elapsed="0.007184"/>
</kw>
<arg>${credit_card_information}[txt_creadit_card_exp]</arg>
<arg>${card_exp}</arg>
<status status="PASS" start="2026-03-30T14:40:14.350699" elapsed="0.041685"/>
</kw>
<arg>${card_exp}</arg>
<status status="PASS" start="2026-03-30T14:40:14.349266" elapsed="0.043203"/>
</kw>
<kw name="Input card cvv in credit card payment method" owner="payment_page">
<kw name="Input in text field" owner="common_web">
<kw name="Check if element display" owner="common_web">
<kw name="Wait For Elements State" owner="Browser">
<msg time="2026-03-30T14:40:14.424079" level="INFO">Waited for Element with selector css=#securityCode_creditcard at state visible</msg>
<arg>${locator}</arg>
<tag>PageContent</tag>
<tag>Wait</tag>
<doc>Waits for the element found by ``selector`` to satisfy state option.</doc>
<status status="PASS" start="2026-03-30T14:40:14.393490" elapsed="0.030747"/>
</kw>
<kw name="Scroll To Element" owner="Browser">
<arg>${locator}</arg>
<tag>PageContent</tag>
<tag>Setter</tag>
<doc>This method waits for actionability checks, then tries to scroll element into view,
unless it is completely visible.</doc>
<status status="PASS" start="2026-03-30T14:40:14.424547" elapsed="0.027434"/>
</kw>
<arg>${locator}</arg>
<status status="PASS" start="2026-03-30T14:40:14.393291" elapsed="0.058875"/>
</kw>
<kw name="Fill Text" owner="Browser">
<msg time="2026-03-30T14:40:14.453242" level="INFO">Fills the text '123' in the given field.</msg>
<arg>${locator}</arg>
<arg>${txt}</arg>
<tag>PageContent</tag>
<tag>Setter</tag>
<doc>Clears and fills the given ``txt`` into the text field found by ``selector``.</doc>
<status status="PASS" start="2026-03-30T14:40:14.452539" elapsed="0.012396"/>
</kw>
<arg>${credit_card_information}[txt_creadit_card_cvv]</arg>
<arg>${card_cvv}</arg>
<status status="PASS" start="2026-03-30T14:40:14.393027" elapsed="0.072020"/>
</kw>
<arg>${card_cvv}</arg>
<status status="PASS" start="2026-03-30T14:40:14.392674" elapsed="0.072419"/>
</kw>
<arg>${default_credit_card_information}[card_num]</arg>
<arg>${default_credit_card_information}[card_holder_name]</arg>
<arg>${default_credit_card_information}[card_exp]</arg>
<arg>${default_credit_card_information}[card_cvv]</arg>
<status status="PASS" start="2026-03-30T14:40:13.906920" elapsed="0.558212"/>
</kw>
<kw name="Click pay now button to confirm payment" owner="payment_page">
<kw name="Click element on screen" owner="common_web">
<kw name="Check if element display" owner="common_web">
<kw name="Wait For Elements State" owner="Browser">
<msg time="2026-03-30T14:40:14.472884" level="INFO">Waited for Element with selector css=#confirmBooking2 at state visible</msg>
<arg>${locator}</arg>
<tag>PageContent</tag>
<tag>Wait</tag>
<doc>Waits for the element found by ``selector`` to satisfy state option.</doc>
<status status="PASS" start="2026-03-30T14:40:14.468392" elapsed="0.004644"/>
</kw>
<kw name="Scroll To Element" owner="Browser">
<arg>${locator}</arg>
<tag>PageContent</tag>
<tag>Setter</tag>
<doc>This method waits for actionability checks, then tries to scroll element into view,
unless it is completely visible.</doc>
<status status="PASS" start="2026-03-30T14:40:14.473374" elapsed="0.027216"/>
</kw>
<arg>${locator}</arg>
<status status="PASS" start="2026-03-30T14:40:14.467941" elapsed="0.032758"/>
</kw>
<kw name="Click" owner="Browser">
<msg time="2026-03-30T14:40:14.501197" level="INFO">Clicks the element 'css=#confirmBooking2'.</msg>
<arg>${locator}</arg>
<tag>PageContent</tag>
<tag>Setter</tag>
<doc>Simulates mouse click on the element found by ``selector``.</doc>
<status status="PASS" start="2026-03-30T14:40:14.500856" elapsed="3.616804"/>
</kw>
<arg>${payment_element}[btn_pay_now]</arg>
<status status="PASS" start="2026-03-30T14:40:14.467301" elapsed="3.650876"/>
</kw>
<status status="PASS" start="2026-03-30T14:40:14.465922" elapsed="3.652555"/>
</kw>
<kw name="Wait until payment loading is complete" owner="payment_feature">
<kw name="Wait until payment bar loading is complete" owner="payment_page">
<kw name="Wait until element not display" owner="common_web">
<kw name="Run Keyword And Return Status" owner="BuiltIn">
<kw name="Wait For Elements State" owner="Browser">
<msg time="2026-03-30T14:40:28.213609" level="INFO" html="true">&lt;/td&gt;&lt;/tr&gt;&lt;tr&gt;&lt;td colspan="3"&gt;&lt;a href="browser/screenshot/fail-screenshot-3.png" target="_blank"&gt;&lt;img src="browser/screenshot/fail-screenshot-3.png" width="800px"/&gt;&lt;/a&gt;</msg>
<msg time="2026-03-30T14:40:28.213702" level="INFO">See also file:///Users/theemdoppio/Desktop/Automation/GitHub/assign-automation-mar-2026/testcases/web/results/playwright-log.txt for additional details.</msg>
<msg time="2026-03-30T14:40:28.213812" level="FAIL">TimeoutError: locator.waitFor: Timeout 10000ms exceeded.
Call log:
  - waiting for locator('#confirmBooking2 [src*="loading"]').first() to be visible
    - waiting for navigation to finish...
    - navigated to "https://api.omise.co/payments/paym_test_676rej7h2rb0gox749n/complete"
    - waiting for" https://payment.gother.online/omise/switchback/creditcard?gother_ref_no=0511D142EE18F1F45001&amp;agent=47&amp;product=hotels&amp;type=fullpayment" navigation to finish...
    - navigated to "https://www.gother.online/en-us/hotels/booking/success?product=hotels&amp;bookingno=0511D142EE18F1F45&amp;value=MjI5NDYuMDktVEhC"
</msg>
<arg>${locator}</arg>
<tag>PageContent</tag>
<tag>Wait</tag>
<doc>Waits for the element found by ``selector`` to satisfy state option.</doc>
<status status="FAIL" start="2026-03-30T14:40:18.125030" elapsed="10.088980">TimeoutError: locator.waitFor: Timeout 10000ms exceeded.
Call log:
  - waiting for locator('#confirmBooking2 [src*="loading"]').first() to be visible
    - waiting for navigation to finish...
    - navigated to "https://api.omise.co/payments/paym_test_676rej7h2rb0gox749n/complete"
    - waiting for" https://payment.gother.online/omise/switchback/creditcard?gother_ref_no=0511D142EE18F1F45001&amp;agent=47&amp;product=hotels&amp;type=fullpayment" navigation to finish...
    - navigated to "https://www.gother.online/en-us/hotels/booking/success?product=hotels&amp;bookingno=0511D142EE18F1F45&amp;value=MjI5NDYuMDktVEhC"
</status>
</kw>
<msg time="2026-03-30T14:40:28.214141" level="INFO">${status} = False</msg>
<var>${status}</var>
<arg>Browser.Wait for elements state</arg>
<arg>${locator}</arg>
<doc>Runs the specified keyword and returns the status as a Boolean value.</doc>
<status status="PASS" start="2026-03-30T14:40:18.123592" elapsed="10.090569"/>
</kw>
<kw name="Run Keyword If" owner="BuiltIn">
<arg>${status} == ${True}</arg>
<arg>BuiltIn.Wait until keyword succeeds</arg>
<arg>${retry_times}</arg>
<arg>${interval_for_retry}</arg>
<arg>Browser.Wait for elements state</arg>
<arg>${locator}</arg>
<arg>hidden</arg>
<doc>Runs the given keyword with the given arguments, if ``condition`` is true.</doc>
<status status="PASS" start="2026-03-30T14:40:28.214339" elapsed="0.000346"/>
</kw>
<arg>${payment_element}[lbl_payment_loading]</arg>
<status status="PASS" start="2026-03-30T14:40:18.122548" elapsed="10.092210"/>
</kw>
<status status="PASS" start="2026-03-30T14:40:18.120611" elapsed="10.094192"/>
</kw>
<kw name="Wait until payment page loading is complete" owner="payment_page">
<kw name="Wait until element not display" owner="common_web">
<kw name="Run Keyword And Return Status" owner="BuiltIn">
<kw name="Wait For Elements State" owner="Browser">
<msg time="2026-03-30T14:40:38.281770" level="INFO" html="true">&lt;/td&gt;&lt;/tr&gt;&lt;tr&gt;&lt;td colspan="3"&gt;&lt;a href="browser/screenshot/fail-screenshot-4.png" target="_blank"&gt;&lt;img src="browser/screenshot/fail-screenshot-4.png" width="800px"/&gt;&lt;/a&gt;</msg>
<msg time="2026-03-30T14:40:38.281879" level="INFO">See also file:///Users/theemdoppio/Desktop/Automation/GitHub/assign-automation-mar-2026/testcases/web/results/playwright-log.txt for additional details.</msg>
<msg time="2026-03-30T14:40:38.281984" level="FAIL">TimeoutError: locator.waitFor: Timeout 10000ms exceeded.
Call log:
  - waiting for locator('.Loading').first() to be visible
</msg>
<arg>${locator}</arg>
<tag>PageContent</tag>
<tag>Wait</tag>
<doc>Waits for the element found by ``selector`` to satisfy state option.</doc>
<status status="FAIL" start="2026-03-30T14:40:28.215981" elapsed="10.066198">TimeoutError: locator.waitFor: Timeout 10000ms exceeded.
Call log:
  - waiting for locator('.Loading').first() to be visible
</status>
</kw>
<msg time="2026-03-30T14:40:38.282310" level="INFO">${status} = False</msg>
<var>${status}</var>
<arg>Browser.Wait for elements state</arg>
<arg>${locator}</arg>
<doc>Runs the specified keyword and returns the status as a Boolean value.</doc>
<status status="PASS" start="2026-03-30T14:40:28.215693" elapsed="10.066637"/>
</kw>
<kw name="Run Keyword If" owner="BuiltIn">
<arg>${status} == ${True}</arg>
<arg>BuiltIn.Wait until keyword succeeds</arg>
<arg>${retry_times}</arg>
<arg>${interval_for_retry}</arg>
<arg>Browser.Wait for elements state</arg>
<arg>${locator}</arg>
<arg>hidden</arg>
<doc>Runs the given keyword with the given arguments, if ``condition`` is true.</doc>
<status status="PASS" start="2026-03-30T14:40:38.282519" elapsed="0.000384"/>
</kw>
<arg>${payment_element}[lbl_payment_page_loading]</arg>
<status status="PASS" start="2026-03-30T14:40:28.215296" elapsed="10.067689"/>
</kw>
<status status="PASS" start="2026-03-30T14:40:28.214956" elapsed="10.068076"/>
</kw>
<status status="PASS" start="2026-03-30T14:40:18.119385" elapsed="20.163689"/>
</kw>
<kw name="Check if success page display" owner="payment_success_page">
<kw name="Wait until page display" owner="common_web">
<kw name="Wait Until Keyword Succeeds" owner="BuiltIn">
<kw name="Wait For Elements State" owner="Browser">
<msg time="2026-03-30T14:40:38.287957" level="INFO">Waited for Element with selector css=h3:text-is("Payment Success!") at state visible</msg>
<arg>${locator}</arg>
<tag>PageContent</tag>
<tag>Wait</tag>
<doc>Waits for the element found by ``selector`` to satisfy state option.</doc>
<status status="PASS" start="2026-03-30T14:40:38.284365" elapsed="0.003689"/>
</kw>
<arg>${retry_times}</arg>
<arg>${interval_for_retry}</arg>
<arg>Browser.Wait for elements state</arg>
<arg>${locator}</arg>
<doc>Runs the specified keyword and retries if it fails.</doc>
<status status="PASS" start="2026-03-30T14:40:38.284013" elapsed="0.004111"/>
</kw>
<arg>${payment_success_element}[payment_success_section]</arg>
<arg>${retry_times}</arg>
<arg>${interval_for_retry}</arg>
<status status="PASS" start="2026-03-30T14:40:38.283698" elapsed="0.004484"/>
</kw>
<status status="PASS" start="2026-03-30T14:40:38.283345" elapsed="0.004881"/>
</kw>
<kw name="Web teardown" owner="common_web" type="TEARDOWN">
<kw name="Run Keyword If Test Failed" owner="BuiltIn">
<arg>Browser.Take screenshot</arg>
<doc>Runs the given keyword with the given arguments, if the test failed.</doc>
<status status="PASS" start="2026-03-30T14:40:38.288837" elapsed="0.000199"/>
</kw>
<kw name="Close Browser" owner="Browser">
<msg time="2026-03-30T14:40:38.409342" level="INFO">Closed browser</msg>
<tag>BrowserControl</tag>
<tag>Setter</tag>
<doc>Closes the current browser.</doc>
<status status="PASS" start="2026-03-30T14:40:38.289170" elapsed="0.120541"/>
</kw>
<status status="PASS" start="2026-03-30T14:40:38.288531" elapsed="0.121379"/>
</kw>
<tag>Feature:Hotels</tag>
<status status="PASS" start="2026-03-30T14:39:25.936830" elapsed="72.473427"/>
</test>
<status status="PASS" start="2026-03-30T14:39:25.784652" elapsed="72.631821"/>
</suite>
<statistics>
<total>
<stat pass="1" fail="0" skip="0">All Tests</stat>
</total>
<tag>
<stat pass="1" fail="0" skip="0">Feature:Hotels</stat>
</tag>
<suite>
<stat name="TC HOTELS 001" id="s1" pass="1" fail="0" skip="0">TC HOTELS 001</stat>
</suite>
</statistics>
<errors>
<msg time="2026-03-30T14:39:25.909697" level="ERROR">Error in file '/Users/theemdoppio/Desktop/Automation/GitHub/assign-automation-mar-2026/resources/import.robot' on line 13: Processing variable file '/Users/theemdoppio/Desktop/Automation/GitHub/assign-automation-mar-2026/resources/translation/mobile/en.yaml' failed: YAML variable file must be a mapping, got string.</msg>
<msg time="2026-03-30T14:39:25.915074" level="WARN">Imported resource file '/Users/theemdoppio/Desktop/Automation/GitHub/assign-automation-mar-2026/keywords/common/common.robot' is empty.</msg>
<msg time="2026-03-30T14:39:25.918438" level="WARN">Imported resource file '/Users/theemdoppio/Desktop/Automation/GitHub/assign-automation-mar-2026/keywords/common/common_mobile.robot' is empty.</msg>
</errors>
</robot>
